{"/Users/lu/Documents/HR/FEC/token.js": {"path":"/Users/lu/Documents/HR/FEC/token.js","statementMap":{"0":{"start":{"line":5,"column":17},"end":{"line":5,"column":59}}},"fnMap":{},"branchMap":{},"s":{"0":3},"f":{},"b":{},"_coverageSchema":"1a1c01bbd47fc00a2c39e90264f33305004495a9","hash":"b0761eefb01b3d08e0a91e954feb396bd726b8df"}
,"/Users/lu/Documents/HR/FEC/client/src/components/App.jsx": {"path":"/Users/lu/Documents/HR/FEC/client/src/components/App.jsx","statementMap":{"0":{"start":{"line":11,"column":36},"end":{"line":11,"column":51}},"1":{"start":{"line":13,"column":4},"end":{"line":13,"column":695}},"2":{"start":{"line":15,"column":28},"end":{"line":15,"column":45}},"3":{"start":{"line":17,"column":23},"end":{"line":17,"column":31}},"4":{"start":{"line":20,"column":4},"end":{"line":20,"column":61}},"5":{"start":{"line":23,"column":16},"end":{"line":28,"column":3}},"6":{"start":{"line":29,"column":15},"end":{"line":34,"column":3}},"7":{"start":{"line":35,"column":21},"end":{"line":40,"column":3}},"8":{"start":{"line":42,"column":20},"end":{"line":46,"column":3}},"9":{"start":{"line":48,"column":23},"end":{"line":58,"column":3}},"10":{"start":{"line":60,"column":18},"end":{"line":73,"column":3}},"11":{"start":{"line":76,"column":4},"end":{"line":76,"column":27}},"12":{"start":{"line":77,"column":25},"end":{"line":77,"column":51}},"13":{"start":{"line":78,"column":4},"end":{"line":102,"column":5}},"14":{"start":{"line":79,"column":6},"end":{"line":86,"column":8}},"15":{"start":{"line":87,"column":23},"end":{"line":94,"column":7}},"16":{"start":{"line":95,"column":6},"end":{"line":98,"column":7}},"17":{"start":{"line":96,"column":8},"end":{"line":96,"column":48}},"18":{"start":{"line":97,"column":8},"end":{"line":97,"column":15}},"19":{"start":{"line":99,"column":6},"end":{"line":99,"column":47}},"20":{"start":{"line":101,"column":6},"end":{"line":101,"column":31}},"21":{"start":{"line":105,"column":16},"end":{"line":117,"column":3}},"22":{"start":{"line":119,"column":22},"end":{"line":121,"column":3}},"23":{"start":{"line":123,"column":2},"end":{"line":164,"column":4}}},"fnMap":{"0":{"name":"App","decl":{"start":{"line":10,"column":9},"end":{"line":10,"column":12}},"loc":{"start":{"line":10,"column":15},"end":{"line":165,"column":1}},"line":10},"1":{"name":"themeToggle","decl":{"start":{"line":19,"column":11},"end":{"line":19,"column":22}},"loc":{"start":{"line":19,"column":25},"end":{"line":21,"column":3}},"line":19},"2":{"name":"handleSearch","decl":{"start":{"line":75,"column":17},"end":{"line":75,"column":29}},"loc":{"start":{"line":75,"column":32},"end":{"line":103,"column":3}},"line":75}},"branchMap":{"0":{"loc":{"start":{"line":20,"column":4},"end":{"line":20,"column":60}},"type":"cond-expr","locations":[{"start":{"line":20,"column":24},"end":{"line":20,"column":40}},{"start":{"line":20,"column":43},"end":{"line":20,"column":60}}],"line":20},"1":{"loc":{"start":{"line":36,"column":16},"end":{"line":36,"column":58}},"type":"cond-expr","locations":[{"start":{"line":36,"column":36},"end":{"line":36,"column":46}},{"start":{"line":36,"column":49},"end":{"line":36,"column":58}}],"line":36},"2":{"loc":{"start":{"line":37,"column":11},"end":{"line":37,"column":53}},"type":"cond-expr","locations":[{"start":{"line":37,"column":31},"end":{"line":37,"column":41}},{"start":{"line":37,"column":44},"end":{"line":37,"column":53}}],"line":37},"3":{"loc":{"start":{"line":95,"column":6},"end":{"line":98,"column":7}},"type":"if","locations":[{"start":{"line":95,"column":6},"end":{"line":98,"column":7}},{"start":{},"end":{}}],"line":95},"4":{"loc":{"start":{"line":124,"column":26},"end":{"line":124,"column":58}},"type":"cond-expr","locations":[{"start":{"line":124,"column":46},"end":{"line":124,"column":51}},{"start":{"line":124,"column":54},"end":{"line":124,"column":58}}],"line":124}},"s":{"0":5,"1":3,"2":3,"3":3,"4":0,"5":3,"6":3,"7":3,"8":3,"9":3,"10":3,"11":1,"12":1,"13":1,"14":1,"15":1,"16":1,"17":0,"18":0,"19":1,"20":0,"21":3,"22":3,"23":3},"f":{"0":5,"1":0,"2":1},"b":{"0":[0,0],"1":[3,0],"2":[3,0],"3":[0,1],"4":[3,0]},"_coverageSchema":"1a1c01bbd47fc00a2c39e90264f33305004495a9","hash":"c4578634b3b71132df1ad16298a183cd919a46ac"}
,"/Users/lu/Documents/HR/FEC/client/src/components/withClickTracker.jsx": {"path":"/Users/lu/Documents/HR/FEC/client/src/components/withClickTracker.jsx","statementMap":{"0":{"start":{"line":7,"column":4},"end":{"line":19,"column":40}},"1":{"start":{"line":19,"column":20},"end":{"line":19,"column":38}},"2":{"start":{"line":21,"column":2},"end":{"line":21,"column":81}},"3":{"start":{"line":21,"column":20},"end":{"line":21,"column":80}}},"fnMap":{"0":{"name":"withClickTracker","decl":{"start":{"line":5,"column":9},"end":{"line":5,"column":25}},"loc":{"start":{"line":5,"column":45},"end":{"line":22,"column":1}},"line":5},"1":{"name":"clickTracker","decl":{"start":{"line":6,"column":11},"end":{"line":6,"column":23}},"loc":{"start":{"line":6,"column":35},"end":{"line":20,"column":3}},"line":6},"2":{"name":"(anonymous_2)","decl":{"start":{"line":19,"column":13},"end":{"line":19,"column":14}},"loc":{"start":{"line":19,"column":20},"end":{"line":19,"column":38}},"line":19},"3":{"name":"(anonymous_3)","decl":{"start":{"line":21,"column":9},"end":{"line":21,"column":10}},"loc":{"start":{"line":21,"column":20},"end":{"line":21,"column":80}},"line":21}},"branchMap":{},"s":{"0":2,"1":0,"2":7,"3":21},"f":{"0":7,"1":2,"2":0,"3":21},"b":{},"_coverageSchema":"1a1c01bbd47fc00a2c39e90264f33305004495a9","hash":"3cc395f6059168d595d5e7ab47e7eeb048fad366"}
,"/Users/lu/Documents/HR/FEC/client/src/components/Overview/ImageGallery.jsx": {"path":"/Users/lu/Documents/HR/FEC/client/src/components/Overview/ImageGallery.jsx","statementMap":{"0":{"start":{"line":13,"column":40},"end":{"line":13,"column":51}},"1":{"start":{"line":14,"column":28},"end":{"line":14,"column":42}},"2":{"start":{"line":15,"column":34},"end":{"line":15,"column":49}},"3":{"start":{"line":16,"column":40},"end":{"line":16,"column":58}},"4":{"start":{"line":17,"column":26},"end":{"line":17,"column":34}},"5":{"start":{"line":20,"column":2},"end":{"line":24,"column":6}},"6":{"start":{"line":20,"column":34},"end":{"line":24,"column":3}},"7":{"start":{"line":22,"column":6},"end":{"line":22,"column":24}},"8":{"start":{"line":27,"column":4},"end":{"line":27,"column":58}},"9":{"start":{"line":31,"column":4},"end":{"line":64,"column":5}},"10":{"start":{"line":33,"column":8},"end":{"line":35,"column":9}},"11":{"start":{"line":34,"column":10},"end":{"line":34,"column":16}},"12":{"start":{"line":36,"column":8},"end":{"line":36,"column":40}},"13":{"start":{"line":37,"column":28},"end":{"line":37,"column":77}},"14":{"start":{"line":38,"column":8},"end":{"line":40,"column":9}},"15":{"start":{"line":39,"column":10},"end":{"line":39,"column":25}},"16":{"start":{"line":41,"column":8},"end":{"line":44,"column":10}},"17":{"start":{"line":45,"column":8},"end":{"line":45,"column":14}},"18":{"start":{"line":48,"column":8},"end":{"line":50,"column":9}},"19":{"start":{"line":49,"column":10},"end":{"line":49,"column":16}},"20":{"start":{"line":51,"column":8},"end":{"line":51,"column":40}},"21":{"start":{"line":52,"column":28},"end":{"line":52,"column":77}},"22":{"start":{"line":53,"column":8},"end":{"line":55,"column":9}},"23":{"start":{"line":54,"column":10},"end":{"line":54,"column":26}},"24":{"start":{"line":56,"column":8},"end":{"line":59,"column":10}},"25":{"start":{"line":60,"column":8},"end":{"line":60,"column":14}},"26":{"start":{"line":63,"column":8},"end":{"line":63,"column":56}},"27":{"start":{"line":67,"column":31},"end":{"line":73,"column":3}},"28":{"start":{"line":75,"column":28},"end":{"line":78,"column":3}},"29":{"start":{"line":80,"column":27},"end":{"line":83,"column":3}},"30":{"start":{"line":85,"column":35},"end":{"line":91,"column":3}},"31":{"start":{"line":93,"column":19},"end":{"line":106,"column":3}},"32":{"start":{"line":108,"column":31},"end":{"line":117,"column":3}},"33":{"start":{"line":119,"column":30},"end":{"line":128,"column":3}},"34":{"start":{"line":130,"column":23},"end":{"line":136,"column":3}},"35":{"start":{"line":138,"column":27},"end":{"line":147,"column":3}},"36":{"start":{"line":149,"column":26},"end":{"line":155,"column":3}},"37":{"start":{"line":157,"column":24},"end":{"line":165,"column":3}},"38":{"start":{"line":167,"column":26},"end":{"line":172,"column":3}},"39":{"start":{"line":174,"column":30},"end":{"line":182,"column":3}},"40":{"start":{"line":185,"column":4},"end":{"line":185,"column":48}},"41":{"start":{"line":186,"column":4},"end":{"line":188,"column":5}},"42":{"start":{"line":187,"column":6},"end":{"line":187,"column":22}},"43":{"start":{"line":189,"column":4},"end":{"line":193,"column":5}},"44":{"start":{"line":190,"column":6},"end":{"line":192,"column":7}},"45":{"start":{"line":191,"column":8},"end":{"line":191,"column":23}},"46":{"start":{"line":197,"column":4},"end":{"line":197,"column":27}},"47":{"start":{"line":198,"column":4},"end":{"line":198,"column":65}},"48":{"start":{"line":202,"column":16},"end":{"line":202,"column":18}},"49":{"start":{"line":203,"column":4},"end":{"line":268,"column":7}},"50":{"start":{"line":204,"column":6},"end":{"line":204,"column":14}},"51":{"start":{"line":205,"column":6},"end":{"line":267,"column":7}},"52":{"start":{"line":206,"column":8},"end":{"line":224,"column":9}},"53":{"start":{"line":207,"column":10},"end":{"line":223,"column":12}},"54":{"start":{"line":225,"column":8},"end":{"line":241,"column":10}},"55":{"start":{"line":243,"column":8},"end":{"line":255,"column":9}},"56":{"start":{"line":244,"column":25},"end":{"line":244,"column":63}},"57":{"start":{"line":245,"column":10},"end":{"line":254,"column":12}},"58":{"start":{"line":256,"column":23},"end":{"line":256,"column":61}},"59":{"start":{"line":257,"column":8},"end":{"line":266,"column":10}},"60":{"start":{"line":272,"column":4},"end":{"line":276,"column":6}},"61":{"start":{"line":279,"column":2},"end":{"line":326,"column":4}},"62":{"start":{"line":297,"column":38},"end":{"line":297,"column":53}},"63":{"start":{"line":301,"column":40},"end":{"line":301,"column":54}}},"fnMap":{"0":{"name":"ImageGallery","decl":{"start":{"line":9,"column":9},"end":{"line":9,"column":21}},"loc":{"start":{"line":12,"column":2},"end":{"line":327,"column":1}},"line":12},"1":{"name":"(anonymous_1)","decl":{"start":{"line":20,"column":27},"end":{"line":20,"column":28}},"loc":{"start":{"line":20,"column":34},"end":{"line":24,"column":3}},"line":20},"2":{"name":"(anonymous_2)","decl":{"start":{"line":21,"column":22},"end":{"line":21,"column":23}},"loc":{"start":{"line":21,"column":28},"end":{"line":23,"column":5}},"line":21},"3":{"name":"selectBigPicture","decl":{"start":{"line":26,"column":11},"end":{"line":26,"column":27}},"loc":{"start":{"line":26,"column":31},"end":{"line":28,"column":3}},"line":26},"4":{"name":"changeBigPicture","decl":{"start":{"line":30,"column":11},"end":{"line":30,"column":27}},"loc":{"start":{"line":30,"column":31},"end":{"line":65,"column":3}},"line":30},"5":{"name":"scrollDown","decl":{"start":{"line":184,"column":11},"end":{"line":184,"column":21}},"loc":{"start":{"line":184,"column":30},"end":{"line":194,"column":3}},"line":184},"6":{"name":"toggleZoomView","decl":{"start":{"line":196,"column":11},"end":{"line":196,"column":25}},"loc":{"start":{"line":196,"column":28},"end":{"line":199,"column":3}},"line":196},"7":{"name":"galleryGenerator","decl":{"start":{"line":201,"column":11},"end":{"line":201,"column":27}},"loc":{"start":{"line":201,"column":30},"end":{"line":269,"column":3}},"line":201},"8":{"name":"(anonymous_8)","decl":{"start":{"line":203,"column":42},"end":{"line":203,"column":43}},"loc":{"start":{"line":203,"column":53},"end":{"line":268,"column":5}},"line":203},"9":{"name":"handleMouseZoom","decl":{"start":{"line":271,"column":11},"end":{"line":271,"column":26}},"loc":{"start":{"line":271,"column":30},"end":{"line":277,"column":3}},"line":271},"10":{"name":"(anonymous_10)","decl":{"start":{"line":297,"column":32},"end":{"line":297,"column":33}},"loc":{"start":{"line":297,"column":38},"end":{"line":297,"column":53}},"line":297},"11":{"name":"(anonymous_11)","decl":{"start":{"line":301,"column":34},"end":{"line":301,"column":35}},"loc":{"start":{"line":301,"column":40},"end":{"line":301,"column":54}},"line":301}},"branchMap":{"0":{"loc":{"start":{"line":31,"column":4},"end":{"line":64,"column":5}},"type":"switch","locations":[{"start":{"line":32,"column":6},"end":{"line":46,"column":7}},{"start":{"line":47,"column":6},"end":{"line":61,"column":7}},{"start":{"line":62,"column":6},"end":{"line":63,"column":56}}],"line":31},"1":{"loc":{"start":{"line":33,"column":8},"end":{"line":35,"column":9}},"type":"if","locations":[{"start":{"line":33,"column":8},"end":{"line":35,"column":9}},{"start":{},"end":{}}],"line":33},"2":{"loc":{"start":{"line":38,"column":8},"end":{"line":40,"column":9}},"type":"if","locations":[{"start":{"line":38,"column":8},"end":{"line":40,"column":9}},{"start":{},"end":{}}],"line":38},"3":{"loc":{"start":{"line":48,"column":8},"end":{"line":50,"column":9}},"type":"if","locations":[{"start":{"line":48,"column":8},"end":{"line":50,"column":9}},{"start":{},"end":{}}],"line":48},"4":{"loc":{"start":{"line":53,"column":8},"end":{"line":55,"column":9}},"type":"if","locations":[{"start":{"line":53,"column":8},"end":{"line":55,"column":9}},{"start":{},"end":{}}],"line":53},"5":{"loc":{"start":{"line":94,"column":16},"end":{"line":94,"column":41}},"type":"cond-expr","locations":[{"start":{"line":94,"column":27},"end":{"line":94,"column":34}},{"start":{"line":94,"column":37},"end":{"line":94,"column":41}}],"line":94},"6":{"loc":{"start":{"line":97,"column":14},"end":{"line":97,"column":76}},"type":"cond-expr","locations":[{"start":{"line":97,"column":28},"end":{"line":97,"column":63}},{"start":{"line":97,"column":67},"end":{"line":97,"column":76}}],"line":97},"7":{"loc":{"start":{"line":97,"column":28},"end":{"line":97,"column":63}},"type":"cond-expr","locations":[{"start":{"line":97,"column":39},"end":{"line":97,"column":49}},{"start":{"line":97,"column":52},"end":{"line":97,"column":63}}],"line":97},"8":{"loc":{"start":{"line":98,"column":28},"end":{"line":101,"column":52}},"type":"binary-expr","locations":[{"start":{"line":98,"column":28},"end":{"line":98,"column":34}},{"start":{"line":99,"column":5},"end":{"line":101,"column":51}}],"line":98},"9":{"loc":{"start":{"line":99,"column":5},"end":{"line":101,"column":51}},"type":"cond-expr","locations":[{"start":{"line":100,"column":8},"end":{"line":100,"column":24}},{"start":{"line":101,"column":8},"end":{"line":101,"column":51}}],"line":99},"10":{"loc":{"start":{"line":102,"column":27},"end":{"line":102,"column":60}},"type":"cond-expr","locations":[{"start":{"line":102,"column":38},"end":{"line":102,"column":49}},{"start":{"line":102,"column":52},"end":{"line":102,"column":60}}],"line":102},"11":{"loc":{"start":{"line":103,"column":23},"end":{"line":103,"column":52}},"type":"cond-expr","locations":[{"start":{"line":103,"column":34},"end":{"line":103,"column":40}},{"start":{"line":103,"column":43},"end":{"line":103,"column":52}}],"line":103},"12":{"loc":{"start":{"line":105,"column":15},"end":{"line":105,"column":37}},"type":"cond-expr","locations":[{"start":{"line":105,"column":26},"end":{"line":105,"column":28}},{"start":{"line":105,"column":31},"end":{"line":105,"column":37}}],"line":105},"13":{"loc":{"start":{"line":135,"column":18},"end":{"line":135,"column":75}},"type":"cond-expr","locations":[{"start":{"line":135,"column":32},"end":{"line":135,"column":63}},{"start":{"line":135,"column":67},"end":{"line":135,"column":75}}],"line":135},"14":{"loc":{"start":{"line":135,"column":32},"end":{"line":135,"column":63}},"type":"cond-expr","locations":[{"start":{"line":135,"column":43},"end":{"line":135,"column":51}},{"start":{"line":135,"column":54},"end":{"line":135,"column":63}}],"line":135},"15":{"loc":{"start":{"line":140,"column":15},"end":{"line":140,"column":44}},"type":"cond-expr","locations":[{"start":{"line":140,"column":26},"end":{"line":140,"column":32}},{"start":{"line":140,"column":35},"end":{"line":140,"column":44}}],"line":140},"16":{"loc":{"start":{"line":143,"column":18},"end":{"line":146,"column":17}},"type":"cond-expr","locations":[{"start":{"line":145,"column":8},"end":{"line":145,"column":16}},{"start":{"line":146,"column":8},"end":{"line":146,"column":17}}],"line":143},"17":{"loc":{"start":{"line":143,"column":18},"end":{"line":144,"column":57}},"type":"binary-expr","locations":[{"start":{"line":143,"column":18},"end":{"line":143,"column":24}},{"start":{"line":144,"column":4},"end":{"line":144,"column":57}}],"line":143},"18":{"loc":{"start":{"line":151,"column":15},"end":{"line":151,"column":44}},"type":"cond-expr","locations":[{"start":{"line":151,"column":26},"end":{"line":151,"column":32}},{"start":{"line":151,"column":35},"end":{"line":151,"column":44}}],"line":151},"19":{"loc":{"start":{"line":154,"column":18},"end":{"line":154,"column":58}},"type":"cond-expr","locations":[{"start":{"line":154,"column":38},"end":{"line":154,"column":46}},{"start":{"line":154,"column":49},"end":{"line":154,"column":58}}],"line":154},"20":{"loc":{"start":{"line":161,"column":15},"end":{"line":163,"column":14}},"type":"cond-expr","locations":[{"start":{"line":162,"column":8},"end":{"line":162,"column":14}},{"start":{"line":163,"column":8},"end":{"line":163,"column":14}}],"line":161},"21":{"loc":{"start":{"line":161,"column":15},"end":{"line":161,"column":63}},"type":"binary-expr","locations":[{"start":{"line":161,"column":15},"end":{"line":161,"column":21}},{"start":{"line":161,"column":25},"end":{"line":161,"column":63}}],"line":161},"22":{"loc":{"start":{"line":164,"column":18},"end":{"line":164,"column":46}},"type":"cond-expr","locations":[{"start":{"line":164,"column":26},"end":{"line":164,"column":34}},{"start":{"line":164,"column":37},"end":{"line":164,"column":46}}],"line":164},"23":{"loc":{"start":{"line":169,"column":15},"end":{"line":171,"column":14}},"type":"cond-expr","locations":[{"start":{"line":170,"column":8},"end":{"line":170,"column":14}},{"start":{"line":171,"column":8},"end":{"line":171,"column":14}}],"line":169},"24":{"loc":{"start":{"line":169,"column":15},"end":{"line":169,"column":63}},"type":"binary-expr","locations":[{"start":{"line":169,"column":15},"end":{"line":169,"column":21}},{"start":{"line":169,"column":25},"end":{"line":169,"column":63}}],"line":169},"25":{"loc":{"start":{"line":178,"column":18},"end":{"line":178,"column":45}},"type":"cond-expr","locations":[{"start":{"line":178,"column":31},"end":{"line":178,"column":37}},{"start":{"line":178,"column":40},"end":{"line":178,"column":45}}],"line":178},"26":{"loc":{"start":{"line":186,"column":4},"end":{"line":188,"column":5}},"type":"if","locations":[{"start":{"line":186,"column":4},"end":{"line":188,"column":5}},{"start":{},"end":{}}],"line":186},"27":{"loc":{"start":{"line":189,"column":4},"end":{"line":193,"column":5}},"type":"if","locations":[{"start":{"line":189,"column":4},"end":{"line":193,"column":5}},{"start":{},"end":{}}],"line":189},"28":{"loc":{"start":{"line":190,"column":6},"end":{"line":192,"column":7}},"type":"if","locations":[{"start":{"line":190,"column":6},"end":{"line":192,"column":7}},{"start":{},"end":{}}],"line":190},"29":{"loc":{"start":{"line":198,"column":35},"end":{"line":198,"column":64}},"type":"cond-expr","locations":[{"start":{"line":198,"column":47},"end":{"line":198,"column":55}},{"start":{"line":198,"column":58},"end":{"line":198,"column":64}}],"line":198},"30":{"loc":{"start":{"line":205,"column":6},"end":{"line":267,"column":7}},"type":"if","locations":[{"start":{"line":205,"column":6},"end":{"line":267,"column":7}},{"start":{"line":242,"column":13},"end":{"line":267,"column":7}}],"line":205},"31":{"loc":{"start":{"line":206,"column":8},"end":{"line":224,"column":9}},"type":"if","locations":[{"start":{"line":206,"column":8},"end":{"line":224,"column":9}},{"start":{},"end":{}}],"line":206},"32":{"loc":{"start":{"line":243,"column":8},"end":{"line":255,"column":9}},"type":"if","locations":[{"start":{"line":243,"column":8},"end":{"line":255,"column":9}},{"start":{},"end":{}}],"line":243},"33":{"loc":{"start":{"line":250,"column":21},"end":{"line":250,"column":70}},"type":"cond-expr","locations":[{"start":{"line":250,"column":42},"end":{"line":250,"column":58}},{"start":{"line":250,"column":61},"end":{"line":250,"column":70}}],"line":250},"34":{"loc":{"start":{"line":262,"column":19},"end":{"line":262,"column":68}},"type":"cond-expr","locations":[{"start":{"line":262,"column":40},"end":{"line":262,"column":56}},{"start":{"line":262,"column":59},"end":{"line":262,"column":68}}],"line":262},"35":{"loc":{"start":{"line":291,"column":19},"end":{"line":291,"column":45}},"type":"cond-expr","locations":[{"start":{"line":291,"column":30},"end":{"line":291,"column":36}},{"start":{"line":291,"column":39},"end":{"line":291,"column":45}}],"line":291},"36":{"loc":{"start":{"line":299,"column":11},"end":{"line":299,"column":39}},"type":"binary-expr","locations":[{"start":{"line":299,"column":11},"end":{"line":299,"column":17}},{"start":{"line":299,"column":21},"end":{"line":299,"column":39}}],"line":299},"37":{"loc":{"start":{"line":313,"column":19},"end":{"line":313,"column":67}},"type":"cond-expr","locations":[{"start":{"line":313,"column":32},"end":{"line":313,"column":46}},{"start":{"line":313,"column":49},"end":{"line":313,"column":67}}],"line":313},"38":{"loc":{"start":{"line":314,"column":23},"end":{"line":314,"column":56}},"type":"cond-expr","locations":[{"start":{"line":314,"column":34},"end":{"line":314,"column":49}},{"start":{"line":314,"column":52},"end":{"line":314,"column":56}}],"line":314}},"s":{"0":21,"1":21,"2":21,"3":21,"4":21,"5":21,"6":21,"7":11,"8":1,"9":0,"10":0,"11":0,"12":0,"13":0,"14":0,"15":0,"16":0,"17":0,"18":0,"19":0,"20":0,"21":0,"22":0,"23":0,"24":0,"25":0,"26":0,"27":21,"28":21,"29":21,"30":21,"31":21,"32":21,"33":21,"34":21,"35":21,"36":21,"37":21,"38":21,"39":21,"40":0,"41":0,"42":0,"43":0,"44":0,"45":0,"46":0,"47":0,"48":11,"49":11,"50":66,"51":66,"52":0,"53":0,"54":0,"55":66,"56":11,"57":11,"58":55,"59":55,"60":0,"61":21,"62":0,"63":0},"f":{"0":21,"1":21,"2":11,"3":1,"4":0,"5":0,"6":0,"7":11,"8":66,"9":0,"10":0,"11":0},"b":{"0":[0,0,0],"1":[0,0],"2":[0,0],"3":[0,0],"4":[0,0],"5":[0,21],"6":[0,21],"7":[0,0],"8":[21,11],"9":[1,10],"10":[0,21],"11":[0,21],"12":[0,21],"13":[0,21],"14":[0,0],"15":[0,21],"16":[1,20],"17":[21,11],"18":[0,21],"19":[20,1],"20":[10,11],"21":[21,11],"22":[21,0],"23":[10,11],"24":[21,11],"25":[0,21],"26":[0,0],"27":[0,0],"28":[0,0],"29":[0,0],"30":[0,66],"31":[0,0],"32":[11,55],"33":[1,10],"34":[0,55],"35":[0,21],"36":[21,11],"37":[0,21],"38":[0,21]},"_coverageSchema":"1a1c01bbd47fc00a2c39e90264f33305004495a9","hash":"c8b0dd0395221b41eda4b8d70c4d1609c7021bf0"}
,"/Users/lu/Documents/HR/FEC/client/src/components/Overview/Overview.jsx": {"path":"/Users/lu/Documents/HR/FEC/client/src/components/Overview/Overview.jsx","statementMap":{"0":{"start":{"line":12,"column":40},"end":{"line":12,"column":52}},"1":{"start":{"line":13,"column":50},"end":{"line":13,"column":62}},"2":{"start":{"line":14,"column":40},"end":{"line":14,"column":51}},"3":{"start":{"line":15,"column":38},"end":{"line":15,"column":53}},"4":{"start":{"line":16,"column":38},"end":{"line":16,"column":53}},"5":{"start":{"line":18,"column":26},"end":{"line":18,"column":34}},"6":{"start":{"line":19,"column":29},"end":{"line":19,"column":37}},"7":{"start":{"line":24,"column":4},"end":{"line":24,"column":47}},"8":{"start":{"line":26,"column":4},"end":{"line":26,"column":51}},"9":{"start":{"line":27,"column":4},"end":{"line":27,"column":40}},"10":{"start":{"line":32,"column":4},"end":{"line":42,"column":42}},"11":{"start":{"line":41,"column":22},"end":{"line":41,"column":47}},"12":{"start":{"line":42,"column":22},"end":{"line":42,"column":40}},"13":{"start":{"line":46,"column":4},"end":{"line":56,"column":42}},"14":{"start":{"line":55,"column":22},"end":{"line":55,"column":52}},"15":{"start":{"line":56,"column":22},"end":{"line":56,"column":40}},"16":{"start":{"line":59,"column":2},"end":{"line":66,"column":18}},"17":{"start":{"line":60,"column":4},"end":{"line":60,"column":47}},"18":{"start":{"line":61,"column":4},"end":{"line":61,"column":51}},"19":{"start":{"line":62,"column":4},"end":{"line":62,"column":22}},"20":{"start":{"line":64,"column":4},"end":{"line":64,"column":21}},"21":{"start":{"line":65,"column":4},"end":{"line":65,"column":26}},"22":{"start":{"line":68,"column":31},"end":{"line":74,"column":3}},"23":{"start":{"line":76,"column":30},"end":{"line":83,"column":3}},"24":{"start":{"line":86,"column":4},"end":{"line":86,"column":31}},"25":{"start":{"line":89,"column":2},"end":{"line":125,"column":4}},"26":{"start":{"line":90,"column":25},"end":{"line":90,"column":52}}},"fnMap":{"0":{"name":"Overview","decl":{"start":{"line":11,"column":9},"end":{"line":11,"column":17}},"loc":{"start":{"line":11,"column":65},"end":{"line":126,"column":1}},"line":11},"1":{"name":"changeActiveStyle","decl":{"start":{"line":22,"column":11},"end":{"line":22,"column":28}},"loc":{"start":{"line":22,"column":32},"end":{"line":29,"column":3}},"line":22},"2":{"name":"getProductInfo","decl":{"start":{"line":31,"column":11},"end":{"line":31,"column":25}},"loc":{"start":{"line":31,"column":28},"end":{"line":43,"column":3}},"line":31},"3":{"name":"(anonymous_3)","decl":{"start":{"line":41,"column":12},"end":{"line":41,"column":13}},"loc":{"start":{"line":41,"column":22},"end":{"line":41,"column":47}},"line":41},"4":{"name":"(anonymous_4)","decl":{"start":{"line":42,"column":13},"end":{"line":42,"column":14}},"loc":{"start":{"line":42,"column":22},"end":{"line":42,"column":40}},"line":42},"5":{"name":"getProductStyleInfo","decl":{"start":{"line":45,"column":11},"end":{"line":45,"column":30}},"loc":{"start":{"line":45,"column":33},"end":{"line":57,"column":3}},"line":45},"6":{"name":"(anonymous_6)","decl":{"start":{"line":55,"column":12},"end":{"line":55,"column":13}},"loc":{"start":{"line":55,"column":22},"end":{"line":55,"column":52}},"line":55},"7":{"name":"(anonymous_7)","decl":{"start":{"line":56,"column":13},"end":{"line":56,"column":14}},"loc":{"start":{"line":56,"column":22},"end":{"line":56,"column":40}},"line":56},"8":{"name":"(anonymous_8)","decl":{"start":{"line":59,"column":12},"end":{"line":59,"column":13}},"loc":{"start":{"line":59,"column":18},"end":{"line":66,"column":3}},"line":59},"9":{"name":"toggleExpandedView","decl":{"start":{"line":85,"column":11},"end":{"line":85,"column":29}},"loc":{"start":{"line":85,"column":32},"end":{"line":87,"column":3}},"line":85},"10":{"name":"(anonymous_10)","decl":{"start":{"line":90,"column":18},"end":{"line":90,"column":19}},"loc":{"start":{"line":90,"column":25},"end":{"line":90,"column":52}},"line":90}},"branchMap":{"0":{"loc":{"start":{"line":77,"column":13},"end":{"line":77,"column":41}},"type":"cond-expr","locations":[{"start":{"line":77,"column":26},"end":{"line":77,"column":32}},{"start":{"line":77,"column":35},"end":{"line":77,"column":41}}],"line":77}},"s":{"0":26,"1":26,"2":26,"3":26,"4":26,"5":26,"6":26,"7":1,"8":1,"9":1,"10":10,"11":10,"12":0,"13":10,"14":10,"15":0,"16":26,"17":10,"18":10,"19":10,"20":10,"21":10,"22":26,"23":26,"24":0,"25":26,"26":2},"f":{"0":26,"1":1,"2":10,"3":10,"4":0,"5":10,"6":10,"7":0,"8":10,"9":0,"10":2},"b":{"0":[0,26]},"_coverageSchema":"1a1c01bbd47fc00a2c39e90264f33305004495a9","hash":"6344467b315b98ba0a7a284063a0f0a260b8f27d"}
,"/Users/lu/Documents/HR/FEC/client/src/components/Overview/ProductDescription.jsx": {"path":"/Users/lu/Documents/HR/FEC/client/src/components/Overview/ProductDescription.jsx","statementMap":{"0":{"start":{"line":4,"column":34},"end":{"line":9,"column":3}},"1":{"start":{"line":11,"column":2},"end":{"line":32,"column":4}},"2":{"start":{"line":26,"column":12},"end":{"line":28,"column":17}}},"fnMap":{"0":{"name":"ProductDescription","decl":{"start":{"line":3,"column":9},"end":{"line":3,"column":27}},"loc":{"start":{"line":3,"column":45},"end":{"line":33,"column":1}},"line":3},"1":{"name":"(anonymous_1)","decl":{"start":{"line":25,"column":35},"end":{"line":25,"column":36}},"loc":{"start":{"line":26,"column":12},"end":{"line":28,"column":17}},"line":26}},"branchMap":{"0":{"loc":{"start":{"line":24,"column":9},"end":{"line":29,"column":12}},"type":"binary-expr","locations":[{"start":{"line":24,"column":9},"end":{"line":24,"column":29}},{"start":{"line":25,"column":10},"end":{"line":29,"column":12}}],"line":24}},"s":{"0":21,"1":21,"2":27},"f":{"0":21,"1":27},"b":{"0":[21,12]},"_coverageSchema":"1a1c01bbd47fc00a2c39e90264f33305004495a9","hash":"2801e6db1a05cfbfd6788d6a7e773c0a3179bdc1"}
,"/Users/lu/Documents/HR/FEC/client/src/components/Overview/ProductDetails.jsx": {"path":"/Users/lu/Documents/HR/FEC/client/src/components/Overview/ProductDetails.jsx","statementMap":{"0":{"start":{"line":8,"column":38},"end":{"line":8,"column":48}},"1":{"start":{"line":9,"column":38},"end":{"line":9,"column":48}},"2":{"start":{"line":10,"column":42},"end":{"line":10,"column":53}},"3":{"start":{"line":13,"column":4},"end":{"line":23,"column":42}},"4":{"start":{"line":22,"column":22},"end":{"line":22,"column":46}},"5":{"start":{"line":23,"column":22},"end":{"line":23,"column":40}},"6":{"start":{"line":27,"column":26},"end":{"line":27,"column":27}},"7":{"start":{"line":28,"column":25},"end":{"line":28,"column":26}},"8":{"start":{"line":29,"column":20},"end":{"line":29,"column":51}},"9":{"start":{"line":30,"column":4},"end":{"line":33,"column":5}},"10":{"start":{"line":31,"column":6},"end":{"line":31,"column":62}},"11":{"start":{"line":32,"column":6},"end":{"line":32,"column":80}},"12":{"start":{"line":34,"column":4},"end":{"line":34,"column":37}},"13":{"start":{"line":35,"column":4},"end":{"line":35,"column":44}},"14":{"start":{"line":38,"column":2},"end":{"line":40,"column":18}},"15":{"start":{"line":39,"column":4},"end":{"line":39,"column":27}},"16":{"start":{"line":42,"column":2},"end":{"line":46,"column":19}},"17":{"start":{"line":43,"column":4},"end":{"line":45,"column":5}},"18":{"start":{"line":44,"column":6},"end":{"line":44,"column":37}},"19":{"start":{"line":49,"column":4},"end":{"line":60,"column":5}},"20":{"start":{"line":50,"column":6},"end":{"line":59,"column":8}},"21":{"start":{"line":61,"column":4},"end":{"line":61,"column":78}},"22":{"start":{"line":64,"column":21},"end":{"line":69,"column":3}},"23":{"start":{"line":71,"column":2},"end":{"line":99,"column":4}},"24":{"start":{"line":84,"column":10},"end":{"line":86,"column":51}}},"fnMap":{"0":{"name":"ProductDetails","decl":{"start":{"line":7,"column":9},"end":{"line":7,"column":23}},"loc":{"start":{"line":7,"column":73},"end":{"line":100,"column":1}},"line":7},"1":{"name":"getProductReviewData","decl":{"start":{"line":12,"column":11},"end":{"line":12,"column":31}},"loc":{"start":{"line":12,"column":34},"end":{"line":24,"column":3}},"line":12},"2":{"name":"(anonymous_2)","decl":{"start":{"line":22,"column":12},"end":{"line":22,"column":13}},"loc":{"start":{"line":22,"column":22},"end":{"line":22,"column":46}},"line":22},"3":{"name":"(anonymous_3)","decl":{"start":{"line":23,"column":13},"end":{"line":23,"column":14}},"loc":{"start":{"line":23,"column":22},"end":{"line":23,"column":40}},"line":23},"4":{"name":"avgStarRating","decl":{"start":{"line":26,"column":11},"end":{"line":26,"column":24}},"loc":{"start":{"line":26,"column":27},"end":{"line":36,"column":3}},"line":26},"5":{"name":"(anonymous_5)","decl":{"start":{"line":38,"column":12},"end":{"line":38,"column":13}},"loc":{"start":{"line":38,"column":18},"end":{"line":40,"column":3}},"line":38},"6":{"name":"(anonymous_6)","decl":{"start":{"line":42,"column":12},"end":{"line":42,"column":13}},"loc":{"start":{"line":42,"column":18},"end":{"line":46,"column":3}},"line":42},"7":{"name":"priceGenerator","decl":{"start":{"line":48,"column":11},"end":{"line":48,"column":25}},"loc":{"start":{"line":48,"column":28},"end":{"line":62,"column":3}},"line":48},"8":{"name":"(anonymous_8)","decl":{"start":{"line":83,"column":17},"end":{"line":83,"column":18}},"loc":{"start":{"line":84,"column":10},"end":{"line":86,"column":51}},"line":84}},"branchMap":{"0":{"loc":{"start":{"line":43,"column":4},"end":{"line":45,"column":5}},"type":"if","locations":[{"start":{"line":43,"column":4},"end":{"line":45,"column":5}},{"start":{},"end":{}}],"line":43},"1":{"loc":{"start":{"line":49,"column":4},"end":{"line":60,"column":5}},"type":"if","locations":[{"start":{"line":49,"column":4},"end":{"line":60,"column":5}},{"start":{},"end":{}}],"line":49},"2":{"loc":{"start":{"line":79,"column":16},"end":{"line":79,"column":67}},"type":"cond-expr","locations":[{"start":{"line":79,"column":29},"end":{"line":79,"column":63}},{"start":{"line":79,"column":66},"end":{"line":79,"column":67}}],"line":79},"3":{"loc":{"start":{"line":89,"column":17},"end":{"line":89,"column":43}},"type":"binary-expr","locations":[{"start":{"line":89,"column":17},"end":{"line":89,"column":27}},{"start":{"line":89,"column":31},"end":{"line":89,"column":43}}],"line":89},"4":{"loc":{"start":{"line":96,"column":9},"end":{"line":96,"column":50}},"type":"binary-expr","locations":[{"start":{"line":96,"column":9},"end":{"line":96,"column":20}},{"start":{"line":96,"column":24},"end":{"line":96,"column":30}},{"start":{"line":96,"column":34},"end":{"line":96,"column":50}}],"line":96}},"s":{"0":22,"1":22,"2":22,"3":10,"4":10,"5":0,"6":4,"7":4,"8":4,"9":4,"10":20,"11":20,"12":4,"13":4,"14":22,"15":10,"16":22,"17":13,"18":4,"19":11,"20":0,"21":11,"22":22,"23":22,"24":0},"f":{"0":22,"1":10,"2":10,"3":0,"4":4,"5":10,"6":13,"7":11,"8":0},"b":{"0":[4,9],"1":[0,11],"2":[7,15],"3":[22,7],"4":[22,22,11]},"_coverageSchema":"1a1c01bbd47fc00a2c39e90264f33305004495a9","hash":"ef89e60f7b2f031ed8ade380b13a3e171f3e7b53"}
,"/Users/lu/Documents/HR/FEC/client/src/components/Overview/PurchaseOptions.jsx": {"path":"/Users/lu/Documents/HR/FEC/client/src/components/Overview/PurchaseOptions.jsx","statementMap":{"0":{"start":{"line":22,"column":26},"end":{"line":22,"column":34}},"1":{"start":{"line":23,"column":30},"end":{"line":23,"column":38}},"2":{"start":{"line":24,"column":42},"end":{"line":24,"column":65}},"3":{"start":{"line":27,"column":2},"end":{"line":34,"column":6}},"4":{"start":{"line":27,"column":34},"end":{"line":34,"column":3}},"5":{"start":{"line":29,"column":6},"end":{"line":29,"column":37}},"6":{"start":{"line":30,"column":6},"end":{"line":32,"column":15}},"7":{"start":{"line":37,"column":4},"end":{"line":37,"column":51}},"8":{"start":{"line":41,"column":18},"end":{"line":41,"column":20}},"9":{"start":{"line":42,"column":17},"end":{"line":42,"column":54}},"10":{"start":{"line":43,"column":4},"end":{"line":47,"column":5}},"11":{"start":{"line":44,"column":6},"end":{"line":46,"column":7}},"12":{"start":{"line":45,"column":8},"end":{"line":45,"column":24}},"13":{"start":{"line":48,"column":4},"end":{"line":51,"column":5}},"14":{"start":{"line":49,"column":6},"end":{"line":49,"column":26}},"15":{"start":{"line":50,"column":6},"end":{"line":50,"column":15}},"16":{"start":{"line":52,"column":4},"end":{"line":54,"column":7}},"17":{"start":{"line":53,"column":6},"end":{"line":53,"column":71}},"18":{"start":{"line":58,"column":4},"end":{"line":60,"column":5}},"19":{"start":{"line":59,"column":6},"end":{"line":59,"column":32}},"20":{"start":{"line":61,"column":20},"end":{"line":61,"column":22}},"21":{"start":{"line":62,"column":4},"end":{"line":77,"column":5}},"22":{"start":{"line":63,"column":6},"end":{"line":75,"column":7}},"23":{"start":{"line":64,"column":8},"end":{"line":66,"column":9}},"24":{"start":{"line":64,"column":21},"end":{"line":64,"column":22}},"25":{"start":{"line":65,"column":10},"end":{"line":65,"column":45}},"26":{"start":{"line":68,"column":8},"end":{"line":74,"column":9}},"27":{"start":{"line":69,"column":18},"end":{"line":69,"column":19}},"28":{"start":{"line":73,"column":10},"end":{"line":73,"column":45}},"29":{"start":{"line":76,"column":6},"end":{"line":76,"column":45}},"30":{"start":{"line":76,"column":37},"end":{"line":76,"column":43}},"31":{"start":{"line":80,"column":19},"end":{"line":87,"column":3}},"32":{"start":{"line":89,"column":20},"end":{"line":100,"column":3}},"33":{"start":{"line":102,"column":22},"end":{"line":110,"column":3}},"34":{"start":{"line":113,"column":18},"end":{"line":113,"column":35}},"35":{"start":{"line":114,"column":4},"end":{"line":127,"column":5}},"36":{"start":{"line":115,"column":6},"end":{"line":115,"column":26}},"37":{"start":{"line":116,"column":6},"end":{"line":126,"column":8}},"38":{"start":{"line":128,"column":4},"end":{"line":128,"column":25}},"39":{"start":{"line":129,"column":4},"end":{"line":140,"column":6}},"40":{"start":{"line":144,"column":4},"end":{"line":144,"column":27}},"41":{"start":{"line":157,"column":24},"end":{"line":168,"column":7}},"42":{"start":{"line":158,"column":6},"end":{"line":168,"column":7}},"43":{"start":{"line":170,"column":25},"end":{"line":170,"column":73}},"44":{"start":{"line":171,"column":4},"end":{"line":171,"column":35}},"45":{"start":{"line":172,"column":4},"end":{"line":185,"column":42}},"46":{"start":{"line":174,"column":8},"end":{"line":174,"column":52}},"47":{"start":{"line":174,"column":33},"end":{"line":174,"column":51}},"48":{"start":{"line":179,"column":8},"end":{"line":181,"column":10}},"49":{"start":{"line":182,"column":8},"end":{"line":182,"column":39}},"50":{"start":{"line":183,"column":8},"end":{"line":183,"column":58}},"51":{"start":{"line":185,"column":22},"end":{"line":185,"column":40}},"52":{"start":{"line":188,"column":2},"end":{"line":218,"column":4}}},"fnMap":{"0":{"name":"PurchaseOptions","decl":{"start":{"line":18,"column":9},"end":{"line":18,"column":24}},"loc":{"start":{"line":21,"column":2},"end":{"line":219,"column":1}},"line":21},"1":{"name":"(anonymous_1)","decl":{"start":{"line":27,"column":27},"end":{"line":27,"column":28}},"loc":{"start":{"line":27,"column":34},"end":{"line":34,"column":3}},"line":27},"2":{"name":"(anonymous_2)","decl":{"start":{"line":28,"column":23},"end":{"line":28,"column":24}},"loc":{"start":{"line":28,"column":29},"end":{"line":33,"column":5}},"line":28},"3":{"name":"changeSelectedSize","decl":{"start":{"line":36,"column":11},"end":{"line":36,"column":29}},"loc":{"start":{"line":36,"column":32},"end":{"line":38,"column":3}},"line":36},"4":{"name":"optionGenerator","decl":{"start":{"line":40,"column":11},"end":{"line":40,"column":26}},"loc":{"start":{"line":40,"column":29},"end":{"line":55,"column":3}},"line":40},"5":{"name":"(anonymous_5)","decl":{"start":{"line":52,"column":20},"end":{"line":52,"column":21}},"loc":{"start":{"line":53,"column":6},"end":{"line":53,"column":71}},"line":53},"6":{"name":"quantitySelector","decl":{"start":{"line":57,"column":11},"end":{"line":57,"column":27}},"loc":{"start":{"line":57,"column":30},"end":{"line":78,"column":3}},"line":57},"7":{"name":"(anonymous_7)","decl":{"start":{"line":76,"column":25},"end":{"line":76,"column":26}},"loc":{"start":{"line":76,"column":37},"end":{"line":76,"column":43}},"line":76},"8":{"name":"sizeDropdown","decl":{"start":{"line":112,"column":11},"end":{"line":112,"column":23}},"loc":{"start":{"line":112,"column":26},"end":{"line":141,"column":3}},"line":112},"9":{"name":"completePurchase","decl":{"start":{"line":143,"column":11},"end":{"line":143,"column":27}},"loc":{"start":{"line":143,"column":30},"end":{"line":186,"column":3}},"line":143},"10":{"name":"(anonymous_10)","decl":{"start":{"line":157,"column":24},"end":{"line":157,"column":25}},"loc":{"start":{"line":158,"column":6},"end":{"line":168,"column":7}},"line":158},"11":{"name":"(anonymous_11)","decl":{"start":{"line":173,"column":23},"end":{"line":173,"column":24}},"loc":{"start":{"line":174,"column":8},"end":{"line":174,"column":52}},"line":174},"12":{"name":"(anonymous_12)","decl":{"start":{"line":174,"column":24},"end":{"line":174,"column":25}},"loc":{"start":{"line":174,"column":33},"end":{"line":174,"column":51}},"line":174},"13":{"name":"(anonymous_13)","decl":{"start":{"line":178,"column":12},"end":{"line":178,"column":13}},"loc":{"start":{"line":178,"column":18},"end":{"line":184,"column":7}},"line":178},"14":{"name":"(anonymous_14)","decl":{"start":{"line":185,"column":13},"end":{"line":185,"column":14}},"loc":{"start":{"line":185,"column":22},"end":{"line":185,"column":40}},"line":185}},"branchMap":{"0":{"loc":{"start":{"line":30,"column":6},"end":{"line":32,"column":14}},"type":"cond-expr","locations":[{"start":{"line":31,"column":11},"end":{"line":31,"column":60}},{"start":{"line":32,"column":10},"end":{"line":32,"column":14}}],"line":30},"1":{"loc":{"start":{"line":44,"column":6},"end":{"line":46,"column":7}},"type":"if","locations":[{"start":{"line":44,"column":6},"end":{"line":46,"column":7}},{"start":{},"end":{}}],"line":44},"2":{"loc":{"start":{"line":48,"column":4},"end":{"line":51,"column":5}},"type":"if","locations":[{"start":{"line":48,"column":4},"end":{"line":51,"column":5}},{"start":{},"end":{}}],"line":48},"3":{"loc":{"start":{"line":58,"column":4},"end":{"line":60,"column":5}},"type":"if","locations":[{"start":{"line":58,"column":4},"end":{"line":60,"column":5}},{"start":{},"end":{}}],"line":58},"4":{"loc":{"start":{"line":58,"column":8},"end":{"line":58,"column":52}},"type":"binary-expr","locations":[{"start":{"line":58,"column":8},"end":{"line":58,"column":38}},{"start":{"line":58,"column":42},"end":{"line":58,"column":52}}],"line":58},"5":{"loc":{"start":{"line":62,"column":4},"end":{"line":77,"column":5}},"type":"if","locations":[{"start":{"line":62,"column":4},"end":{"line":77,"column":5}},{"start":{},"end":{}}],"line":62},"6":{"loc":{"start":{"line":63,"column":6},"end":{"line":75,"column":7}},"type":"if","locations":[{"start":{"line":63,"column":6},"end":{"line":75,"column":7}},{"start":{"line":67,"column":13},"end":{"line":75,"column":7}}],"line":63},"7":{"loc":{"start":{"line":114,"column":4},"end":{"line":127,"column":5}},"type":"if","locations":[{"start":{"line":114,"column":4},"end":{"line":127,"column":5}},{"start":{},"end":{}}],"line":114},"8":{"loc":{"start":{"line":191,"column":9},"end":{"line":191,"column":33}},"type":"binary-expr","locations":[{"start":{"line":191,"column":9},"end":{"line":191,"column":15}},{"start":{"line":191,"column":19},"end":{"line":191,"column":33}}],"line":191},"9":{"loc":{"start":{"line":192,"column":9},"end":{"line":201,"column":12}},"type":"binary-expr","locations":[{"start":{"line":192,"column":9},"end":{"line":192,"column":15}},{"start":{"line":193,"column":11},"end":{"line":201,"column":11}}],"line":192},"10":{"loc":{"start":{"line":193,"column":11},"end":{"line":201,"column":11}},"type":"cond-expr","locations":[{"start":{"line":194,"column":12},"end":{"line":196,"column":23}},{"start":{"line":198,"column":12},"end":{"line":200,"column":23}}],"line":193},"11":{"loc":{"start":{"line":193,"column":11},"end":{"line":193,"column":55}},"type":"binary-expr","locations":[{"start":{"line":193,"column":11},"end":{"line":193,"column":41}},{"start":{"line":193,"column":45},"end":{"line":193,"column":55}}],"line":193},"12":{"loc":{"start":{"line":195,"column":15},"end":{"line":195,"column":43}},"type":"binary-expr","locations":[{"start":{"line":195,"column":15},"end":{"line":195,"column":21}},{"start":{"line":195,"column":25},"end":{"line":195,"column":43}}],"line":195},"13":{"loc":{"start":{"line":199,"column":15},"end":{"line":199,"column":43}},"type":"binary-expr","locations":[{"start":{"line":199,"column":15},"end":{"line":199,"column":21}},{"start":{"line":199,"column":25},"end":{"line":199,"column":43}}],"line":199},"14":{"loc":{"start":{"line":203,"column":9},"end":{"line":203,"column":77}},"type":"cond-expr","locations":[{"start":{"line":203,"column":22},"end":{"line":203,"column":26}},{"start":{"line":203,"column":29},"end":{"line":203,"column":77}}],"line":203}},"s":{"0":21,"1":21,"2":21,"3":21,"4":21,"5":11,"6":11,"7":1,"8":11,"9":11,"10":11,"11":66,"12":65,"13":11,"14":1,"15":1,"16":10,"17":65,"18":11,"19":10,"20":1,"21":1,"22":1,"23":0,"24":0,"25":0,"26":1,"27":1,"28":8,"29":1,"30":8,"31":21,"32":21,"33":21,"34":11,"35":11,"36":1,"37":1,"38":10,"39":10,"40":0,"41":0,"42":0,"43":0,"44":0,"45":0,"46":0,"47":0,"48":0,"49":0,"50":0,"51":0,"52":21},"f":{"0":21,"1":21,"2":11,"3":1,"4":11,"5":65,"6":11,"7":8,"8":11,"9":0,"10":0,"11":0,"12":0,"13":0,"14":0},"b":{"0":[2,9],"1":[65,1],"2":[1,10],"3":[10,1],"4":[11,1],"5":[1,0],"6":[0,1],"7":[1,10],"8":[21,11],"9":[21,11],"10":[10,1],"11":[11,1],"12":[10,10],"13":[1,1],"14":[0,21]},"_coverageSchema":"1a1c01bbd47fc00a2c39e90264f33305004495a9","hash":"a3d97ddecf0909c47a019daa226604cb26e7a7bf"}
,"/Users/lu/Documents/HR/FEC/client/src/components/Overview/StyleSelector.jsx": {"path":"/Users/lu/Documents/HR/FEC/client/src/components/Overview/StyleSelector.jsx","statementMap":{"0":{"start":{"line":10,"column":19},"end":{"line":20,"column":3}},"1":{"start":{"line":22,"column":30},"end":{"line":29,"column":3}},"2":{"start":{"line":31,"column":20},"end":{"line":37,"column":3}},"3":{"start":{"line":39,"column":14},"end":{"line":39,"column":16}},"4":{"start":{"line":40,"column":2},"end":{"line":90,"column":4}},"5":{"start":{"line":51,"column":12},"end":{"line":51,"column":20}},"6":{"start":{"line":52,"column":12},"end":{"line":70,"column":13}},"7":{"start":{"line":53,"column":14},"end":{"line":69,"column":16}},"8":{"start":{"line":71,"column":12},"end":{"line":86,"column":14}}},"fnMap":{"0":{"name":"StyleSelector","decl":{"start":{"line":4,"column":9},"end":{"line":4,"column":22}},"loc":{"start":{"line":9,"column":3},"end":{"line":91,"column":1}},"line":9},"1":{"name":"(anonymous_1)","decl":{"start":{"line":50,"column":21},"end":{"line":50,"column":22}},"loc":{"start":{"line":50,"column":32},"end":{"line":87,"column":11}},"line":50}},"branchMap":{"0":{"loc":{"start":{"line":46,"column":9},"end":{"line":46,"column":43}},"type":"binary-expr","locations":[{"start":{"line":46,"column":9},"end":{"line":46,"column":15}},{"start":{"line":46,"column":19},"end":{"line":46,"column":43}}],"line":46},"1":{"loc":{"start":{"line":49,"column":9},"end":{"line":87,"column":12}},"type":"binary-expr","locations":[{"start":{"line":49,"column":9},"end":{"line":49,"column":15}},{"start":{"line":50,"column":10},"end":{"line":87,"column":12}}],"line":49},"2":{"loc":{"start":{"line":52,"column":12},"end":{"line":70,"column":13}},"type":"if","locations":[{"start":{"line":52,"column":12},"end":{"line":70,"column":13}},{"start":{},"end":{}}],"line":52},"3":{"loc":{"start":{"line":58,"column":22},"end":{"line":60,"column":55}},"type":"cond-expr","locations":[{"start":{"line":59,"column":26},"end":{"line":59,"column":42}},{"start":{"line":60,"column":26},"end":{"line":60,"column":55}}],"line":58},"4":{"loc":{"start":{"line":76,"column":20},"end":{"line":78,"column":53}},"type":"cond-expr","locations":[{"start":{"line":77,"column":24},"end":{"line":77,"column":40}},{"start":{"line":78,"column":24},"end":{"line":78,"column":53}}],"line":76}},"s":{"0":20,"1":20,"2":20,"3":20,"4":20,"5":79,"6":79,"7":10,"8":69},"f":{"0":20,"1":79},"b":{"0":[20,10],"1":[20,10],"2":[10,69],"3":[1,9],"4":[3,66]},"_coverageSchema":"1a1c01bbd47fc00a2c39e90264f33305004495a9","hash":"fe0e86fd1b4fb4e4070b620ef486bf5ee68bf321"}
,"/Users/lu/Documents/HR/FEC/client/src/components/QuestionsAndAnswers/AddAQuestion.jsx": {"path":"/Users/lu/Documents/HR/FEC/client/src/components/QuestionsAndAnswers/AddAQuestion.jsx","statementMap":{"0":{"start":{"line":4,"column":23},"end":{"line":13,"column":1}},"1":{"start":{"line":16,"column":60},"end":{"line":16,"column":75}},"2":{"start":{"line":17,"column":2},"end":{"line":24,"column":3}},"3":{"start":{"line":18,"column":4},"end":{"line":23,"column":6}},"4":{"start":{"line":25,"column":2},"end":{"line":33,"column":4}},"5":{"start":{"line":29,"column":21},"end":{"line":29,"column":51}}},"fnMap":{"0":{"name":"AddAQuestion","decl":{"start":{"line":15,"column":9},"end":{"line":15,"column":21}},"loc":{"start":{"line":15,"column":24},"end":{"line":34,"column":1}},"line":15},"1":{"name":"(anonymous_1)","decl":{"start":{"line":29,"column":15},"end":{"line":29,"column":16}},"loc":{"start":{"line":29,"column":21},"end":{"line":29,"column":51}},"line":29}},"branchMap":{"0":{"loc":{"start":{"line":17,"column":2},"end":{"line":24,"column":3}},"type":"if","locations":[{"start":{"line":17,"column":2},"end":{"line":24,"column":3}},{"start":{},"end":{}}],"line":17}},"s":{"0":2,"1":4,"2":4,"3":0,"4":4,"5":0},"f":{"0":4,"1":0},"b":{"0":[0,4]},"_coverageSchema":"1a1c01bbd47fc00a2c39e90264f33305004495a9","hash":"135e20d65a9fb049deee32c1afda5b479c219525"}
,"/Users/lu/Documents/HR/FEC/client/src/components/QuestionsAndAnswers/AddAQuestionModal.jsx": {"path":"/Users/lu/Documents/HR/FEC/client/src/components/QuestionsAndAnswers/AddAQuestionModal.jsx","statementMap":{"0":{"start":{"line":5,"column":22},"end":{"line":11,"column":1}},"1":{"start":{"line":15,"column":22},"end":{"line":15,"column":48}},"2":{"start":{"line":16,"column":2},"end":{"line":84,"column":4}},"3":{"start":{"line":71,"column":27},"end":{"line":71,"column":58}},"4":{"start":{"line":77,"column":27},"end":{"line":77,"column":58}}},"fnMap":{"0":{"name":"AddAQuestionModal","decl":{"start":{"line":14,"column":9},"end":{"line":14,"column":26}},"loc":{"start":{"line":14,"column":80},"end":{"line":85,"column":1}},"line":14},"1":{"name":"(anonymous_1)","decl":{"start":{"line":71,"column":21},"end":{"line":71,"column":22}},"loc":{"start":{"line":71,"column":27},"end":{"line":71,"column":58}},"line":71},"2":{"name":"(anonymous_2)","decl":{"start":{"line":77,"column":21},"end":{"line":77,"column":22}},"loc":{"start":{"line":77,"column":27},"end":{"line":77,"column":58}},"line":77}},"branchMap":{},"s":{"0":2,"1":0,"2":0,"3":0,"4":0},"f":{"0":0,"1":0,"2":0},"b":{},"_coverageSchema":"1a1c01bbd47fc00a2c39e90264f33305004495a9","hash":"95442bf71a065b814befb06ca8917bea4838a019"}
,"/Users/lu/Documents/HR/FEC/client/src/components/QuestionsAndAnswers/AddAnswer.jsx": {"path":"/Users/lu/Documents/HR/FEC/client/src/components/QuestionsAndAnswers/AddAnswer.jsx","statementMap":{"0":{"start":{"line":4,"column":21},"end":{"line":10,"column":3}},"1":{"start":{"line":12,"column":2},"end":{"line":19,"column":4}}},"fnMap":{"0":{"name":"AddAnswer","decl":{"start":{"line":3,"column":9},"end":{"line":3,"column":18}},"loc":{"start":{"line":3,"column":21},"end":{"line":20,"column":1}},"line":3}},"branchMap":{},"s":{"0":2,"1":2},"f":{"0":2},"b":{},"_coverageSchema":"1a1c01bbd47fc00a2c39e90264f33305004495a9","hash":"89a9633e7ab00783e37accfec156e876620311a4"}
,"/Users/lu/Documents/HR/FEC/client/src/components/QuestionsAndAnswers/AnswerInfo.jsx": {"path":"/Users/lu/Documents/HR/FEC/client/src/components/QuestionsAndAnswers/AnswerInfo.jsx","statementMap":{"0":{"start":{"line":7,"column":15},"end":{"line":11,"column":1}},"1":{"start":{"line":14,"column":19},"end":{"line":14,"column":43}},"2":{"start":{"line":15,"column":15},"end":{"line":15,"column":55}},"3":{"start":{"line":16,"column":26},"end":{"line":16,"column":36}},"4":{"start":{"line":17,"column":2},"end":{"line":27,"column":4}}},"fnMap":{"0":{"name":"AnswerInfo","decl":{"start":{"line":13,"column":9},"end":{"line":13,"column":19}},"loc":{"start":{"line":13,"column":36},"end":{"line":28,"column":1}},"line":13}},"branchMap":{},"s":{"0":2,"1":2,"2":2,"3":2,"4":2},"f":{"0":2},"b":{},"_coverageSchema":"1a1c01bbd47fc00a2c39e90264f33305004495a9","hash":"8023704ffaa42bd7dea9976b955f23988eda1e9b"}
,"/Users/lu/Documents/HR/FEC/client/src/components/QuestionsAndAnswers/AnswerList.jsx": {"path":"/Users/lu/Documents/HR/FEC/client/src/components/QuestionsAndAnswers/AnswerList.jsx","statementMap":{"0":{"start":{"line":7,"column":20},"end":{"line":7,"column":43}},"1":{"start":{"line":8,"column":48},"end":{"line":8,"column":62}},"2":{"start":{"line":10,"column":21},"end":{"line":18,"column":3}},"3":{"start":{"line":21,"column":2},"end":{"line":23,"column":3}},"4":{"start":{"line":22,"column":4},"end":{"line":22,"column":16}},"5":{"start":{"line":26,"column":2},"end":{"line":34,"column":3}},"6":{"start":{"line":27,"column":23},"end":{"line":27,"column":47}},"7":{"start":{"line":28,"column":4},"end":{"line":33,"column":6}},"8":{"start":{"line":37,"column":2},"end":{"line":67,"column":4}},"9":{"start":{"line":40,"column":27},"end":{"line":40,"column":47}},"10":{"start":{"line":41,"column":8},"end":{"line":51,"column":9}},"11":{"start":{"line":42,"column":10},"end":{"line":49,"column":11}},"12":{"start":{"line":43,"column":12},"end":{"line":48,"column":14}},"13":{"start":{"line":50,"column":10},"end":{"line":50,"column":22}},"14":{"start":{"line":52,"column":8},"end":{"line":57,"column":10}},"15":{"start":{"line":62,"column":23},"end":{"line":62,"column":59}}},"fnMap":{"0":{"name":"AnswerList","decl":{"start":{"line":6,"column":9},"end":{"line":6,"column":19}},"loc":{"start":{"line":6,"column":36},"end":{"line":68,"column":1}},"line":6},"1":{"name":"(anonymous_1)","decl":{"start":{"line":39,"column":21},"end":{"line":39,"column":22}},"loc":{"start":{"line":39,"column":42},"end":{"line":58,"column":7}},"line":39},"2":{"name":"(anonymous_2)","decl":{"start":{"line":62,"column":17},"end":{"line":62,"column":18}},"loc":{"start":{"line":62,"column":23},"end":{"line":62,"column":59}},"line":62}},"branchMap":{"0":{"loc":{"start":{"line":21,"column":2},"end":{"line":23,"column":3}},"type":"if","locations":[{"start":{"line":21,"column":2},"end":{"line":23,"column":3}},{"start":{},"end":{}}],"line":21},"1":{"loc":{"start":{"line":26,"column":2},"end":{"line":34,"column":3}},"type":"if","locations":[{"start":{"line":26,"column":2},"end":{"line":34,"column":3}},{"start":{},"end":{}}],"line":26},"2":{"loc":{"start":{"line":41,"column":8},"end":{"line":51,"column":9}},"type":"if","locations":[{"start":{"line":41,"column":8},"end":{"line":51,"column":9}},{"start":{},"end":{}}],"line":41},"3":{"loc":{"start":{"line":42,"column":10},"end":{"line":49,"column":11}},"type":"if","locations":[{"start":{"line":42,"column":10},"end":{"line":49,"column":11}},{"start":{},"end":{}}],"line":42},"4":{"loc":{"start":{"line":64,"column":9},"end":{"line":64,"column":75}},"type":"cond-expr","locations":[{"start":{"line":64,"column":36},"end":{"line":64,"column":54}},{"start":{"line":64,"column":57},"end":{"line":64,"column":75}}],"line":64}},"s":{"0":2,"1":2,"2":2,"3":2,"4":0,"5":2,"6":0,"7":0,"8":2,"9":18,"10":18,"11":18,"12":2,"13":16,"14":0,"15":0},"f":{"0":2,"1":18,"2":0},"b":{"0":[0,2],"1":[0,2],"2":[18,0],"3":[2,16],"4":[2,0]},"_coverageSchema":"1a1c01bbd47fc00a2c39e90264f33305004495a9","hash":"13bd432b0c6154c0a565c90a328c905542ef582b"}
,"/Users/lu/Documents/HR/FEC/client/src/components/QuestionsAndAnswers/AnswerListEntry.jsx": {"path":"/Users/lu/Documents/HR/FEC/client/src/components/QuestionsAndAnswers/AnswerListEntry.jsx","statementMap":{"0":{"start":{"line":7,"column":15},"end":{"line":11,"column":1}},"1":{"start":{"line":14,"column":21},"end":{"line":14,"column":36}},"2":{"start":{"line":15,"column":2},"end":{"line":26,"column":4}}},"fnMap":{"0":{"name":"AnswerListEntry","decl":{"start":{"line":13,"column":9},"end":{"line":13,"column":24}},"loc":{"start":{"line":13,"column":41},"end":{"line":27,"column":1}},"line":13}},"branchMap":{"0":{"loc":{"start":{"line":22,"column":9},"end":{"line":22,"column":82}},"type":"cond-expr","locations":[{"start":{"line":22,"column":37},"end":{"line":22,"column":75}},{"start":{"line":22,"column":78},"end":{"line":22,"column":82}}],"line":22}},"s":{"0":2,"1":2,"2":2},"f":{"0":2},"b":{"0":[0,2]},"_coverageSchema":"1a1c01bbd47fc00a2c39e90264f33305004495a9","hash":"5141950d62755872e8381b66d477fe3fe7797a85"}
,"/Users/lu/Documents/HR/FEC/client/src/components/QuestionsAndAnswers/AnswerPictureList.jsx": {"path":"/Users/lu/Documents/HR/FEC/client/src/components/QuestionsAndAnswers/AnswerPictureList.jsx","statementMap":{"0":{"start":{"line":7,"column":2},"end":{"line":16,"column":4}},"1":{"start":{"line":10,"column":8},"end":{"line":13,"column":10}}},"fnMap":{"0":{"name":"AnswerPictureList","decl":{"start":{"line":6,"column":9},"end":{"line":6,"column":26}},"loc":{"start":{"line":6,"column":50},"end":{"line":17,"column":1}},"line":6},"1":{"name":"(anonymous_1)","decl":{"start":{"line":9,"column":50},"end":{"line":9,"column":51}},"loc":{"start":{"line":10,"column":8},"end":{"line":13,"column":10}},"line":10}},"branchMap":{"0":{"loc":{"start":{"line":9,"column":7},"end":{"line":14,"column":8}},"type":"binary-expr","locations":[{"start":{"line":9,"column":7},"end":{"line":9,"column":24}},{"start":{"line":9,"column":28},"end":{"line":14,"column":8}}],"line":9}},"s":{"0":2,"1":4},"f":{"0":2,"1":4},"b":{"0":[2,2]},"_coverageSchema":"1a1c01bbd47fc00a2c39e90264f33305004495a9","hash":"945cb4d418ad54f494e5b1cc578a4cf0bd144d45"}
,"/Users/lu/Documents/HR/FEC/client/src/components/QuestionsAndAnswers/AnswerPictureListComponent.jsx": {"path":"/Users/lu/Documents/HR/FEC/client/src/components/QuestionsAndAnswers/AnswerPictureListComponent.jsx","statementMap":{"0":{"start":{"line":6,"column":28},"end":{"line":6,"column":45}},"1":{"start":{"line":7,"column":2},"end":{"line":20,"column":3}},"2":{"start":{"line":8,"column":4},"end":{"line":19,"column":6}}},"fnMap":{"0":{"name":"AnswerPictureListComponent","decl":{"start":{"line":5,"column":9},"end":{"line":5,"column":35}},"loc":{"start":{"line":5,"column":52},"end":{"line":21,"column":1}},"line":5}},"branchMap":{"0":{"loc":{"start":{"line":7,"column":2},"end":{"line":20,"column":3}},"type":"if","locations":[{"start":{"line":7,"column":2},"end":{"line":20,"column":3}},{"start":{},"end":{}}],"line":7}},"s":{"0":2,"1":2,"2":2},"f":{"0":2},"b":{"0":[2,0]},"_coverageSchema":"1a1c01bbd47fc00a2c39e90264f33305004495a9","hash":"23a1289c69804a1a71523761898091e3b2d3fbd3"}
,"/Users/lu/Documents/HR/FEC/client/src/components/QuestionsAndAnswers/AnswerPictureListEntry.jsx": {"path":"/Users/lu/Documents/HR/FEC/client/src/components/QuestionsAndAnswers/AnswerPictureListEntry.jsx","statementMap":{"0":{"start":{"line":4,"column":22},"end":{"line":8,"column":3}},"1":{"start":{"line":9,"column":2},"end":{"line":15,"column":4}}},"fnMap":{"0":{"name":"AnswerPictureListEntry","decl":{"start":{"line":3,"column":9},"end":{"line":3,"column":31}},"loc":{"start":{"line":3,"column":45},"end":{"line":16,"column":1}},"line":3}},"branchMap":{},"s":{"0":4,"1":4},"f":{"0":4},"b":{},"_coverageSchema":"1a1c01bbd47fc00a2c39e90264f33305004495a9","hash":"335cc46d1a95cdb4b981c66a6b7575194651e456"}
,"/Users/lu/Documents/HR/FEC/client/src/components/QuestionsAndAnswers/HelpfulButton.jsx": {"path":"/Users/lu/Documents/HR/FEC/client/src/components/QuestionsAndAnswers/HelpfulButton.jsx","statementMap":{"0":{"start":{"line":4,"column":21},"end":{"line":9,"column":3}},"1":{"start":{"line":11,"column":2},"end":{"line":17,"column":4}}},"fnMap":{"0":{"name":"HelpfulButton","decl":{"start":{"line":3,"column":9},"end":{"line":3,"column":22}},"loc":{"start":{"line":3,"column":40},"end":{"line":18,"column":1}},"line":3}},"branchMap":{},"s":{"0":2,"1":2},"f":{"0":2},"b":{},"_coverageSchema":"1a1c01bbd47fc00a2c39e90264f33305004495a9","hash":"f88473899b9c01df4e59249be02056548a97ec84"}
,"/Users/lu/Documents/HR/FEC/client/src/components/QuestionsAndAnswers/HelpfulQuestionButton.jsx": {"path":"/Users/lu/Documents/HR/FEC/client/src/components/QuestionsAndAnswers/HelpfulQuestionButton.jsx","statementMap":{"0":{"start":{"line":4,"column":21},"end":{"line":10,"column":3}},"1":{"start":{"line":12,"column":2},"end":{"line":25,"column":4}}},"fnMap":{"0":{"name":"HelpfulQuestionButton","decl":{"start":{"line":3,"column":9},"end":{"line":3,"column":30}},"loc":{"start":{"line":3,"column":56},"end":{"line":26,"column":1}},"line":3}},"branchMap":{},"s":{"0":2,"1":2},"f":{"0":2},"b":{},"_coverageSchema":"1a1c01bbd47fc00a2c39e90264f33305004495a9","hash":"1c0d736e649a0df67f744e73c66524f854b05a96"}
,"/Users/lu/Documents/HR/FEC/client/src/components/QuestionsAndAnswers/MoreAnsweredQuestions.jsx": {"path":"/Users/lu/Documents/HR/FEC/client/src/components/QuestionsAndAnswers/MoreAnsweredQuestions.jsx","statementMap":{"0":{"start":{"line":5,"column":23},"end":{"line":14,"column":1}},"1":{"start":{"line":17,"column":2},"end":{"line":24,"column":4}}},"fnMap":{"0":{"name":"MoreAnsweredQuestions","decl":{"start":{"line":16,"column":9},"end":{"line":16,"column":30}},"loc":{"start":{"line":16,"column":50},"end":{"line":25,"column":1}},"line":16}},"branchMap":{},"s":{"0":2,"1":4},"f":{"0":4},"b":{},"_coverageSchema":"1a1c01bbd47fc00a2c39e90264f33305004495a9","hash":"ee081c1f3f76abd23a70ec2ab6d9215ef488a40d"}
,"/Users/lu/Documents/HR/FEC/client/src/components/QuestionsAndAnswers/Question.jsx": {"path":"/Users/lu/Documents/HR/FEC/client/src/components/QuestionsAndAnswers/Question.jsx","statementMap":{"0":{"start":{"line":5,"column":2},"end":{"line":9,"column":4}}},"fnMap":{"0":{"name":"Question","decl":{"start":{"line":4,"column":9},"end":{"line":4,"column":17}},"loc":{"start":{"line":4,"column":36},"end":{"line":10,"column":1}},"line":4}},"branchMap":{},"s":{"0":2},"f":{"0":2},"b":{},"_coverageSchema":"1a1c01bbd47fc00a2c39e90264f33305004495a9","hash":"a71bdc6834fed04e08e39a9e6fcc927f874dc905"}
,"/Users/lu/Documents/HR/FEC/client/src/components/QuestionsAndAnswers/QuestionListEntry.jsx": {"path":"/Users/lu/Documents/HR/FEC/client/src/components/QuestionsAndAnswers/QuestionListEntry.jsx","statementMap":{"0":{"start":{"line":9,"column":16},"end":{"line":11,"column":1}},"1":{"start":{"line":14,"column":21},"end":{"line":14,"column":37}},"2":{"start":{"line":15,"column":30},"end":{"line":15,"column":59}},"3":{"start":{"line":16,"column":23},"end":{"line":16,"column":45}},"4":{"start":{"line":18,"column":2},"end":{"line":38,"column":4}}},"fnMap":{"0":{"name":"QuestionListEntry","decl":{"start":{"line":13,"column":9},"end":{"line":13,"column":26}},"loc":{"start":{"line":13,"column":41},"end":{"line":39,"column":1}},"line":13}},"branchMap":{},"s":{"0":2,"1":2,"2":2,"3":2,"4":2},"f":{"0":2},"b":{},"_coverageSchema":"1a1c01bbd47fc00a2c39e90264f33305004495a9","hash":"2a3b6b1f13ce93830e2d17e35a7f215792a6dc47"}
,"/Users/lu/Documents/HR/FEC/client/src/components/QuestionsAndAnswers/QuestionsAndAnswers.jsx": {"path":"/Users/lu/Documents/HR/FEC/client/src/components/QuestionsAndAnswers/QuestionsAndAnswers.jsx","statementMap":{"0":{"start":{"line":12,"column":15},"end":{"line":14,"column":1}},"1":{"start":{"line":16,"column":17},"end":{"line":18,"column":1}},"2":{"start":{"line":20,"column":21},"end":{"line":22,"column":1}},"3":{"start":{"line":25,"column":43},"end":{"line":25,"column":55}},"4":{"start":{"line":26,"column":60},"end":{"line":26,"column":71}},"5":{"start":{"line":29,"column":4},"end":{"line":38,"column":42}},"6":{"start":{"line":36,"column":8},"end":{"line":36,"column":43}},"7":{"start":{"line":38,"column":22},"end":{"line":38,"column":40}},"8":{"start":{"line":40,"column":2},"end":{"line":42,"column":9}},"9":{"start":{"line":41,"column":4},"end":{"line":41,"column":29}},"10":{"start":{"line":44,"column":2},"end":{"line":63,"column":4}}},"fnMap":{"0":{"name":"QuestionsAndAnswers","decl":{"start":{"line":24,"column":9},"end":{"line":24,"column":28}},"loc":{"start":{"line":24,"column":44},"end":{"line":64,"column":1}},"line":24},"1":{"name":"getQuestionsAndAnswers","decl":{"start":{"line":28,"column":11},"end":{"line":28,"column":33}},"loc":{"start":{"line":28,"column":36},"end":{"line":39,"column":3}},"line":28},"2":{"name":"(anonymous_2)","decl":{"start":{"line":35,"column":12},"end":{"line":35,"column":13}},"loc":{"start":{"line":35,"column":22},"end":{"line":37,"column":7}},"line":35},"3":{"name":"(anonymous_3)","decl":{"start":{"line":38,"column":13},"end":{"line":38,"column":14}},"loc":{"start":{"line":38,"column":22},"end":{"line":38,"column":40}},"line":38},"4":{"name":"(anonymous_4)","decl":{"start":{"line":40,"column":12},"end":{"line":40,"column":13}},"loc":{"start":{"line":40,"column":18},"end":{"line":42,"column":3}},"line":40}},"branchMap":{},"s":{"0":2,"1":2,"2":2,"3":4,"4":4,"5":2,"6":2,"7":0,"8":4,"9":2,"10":4},"f":{"0":4,"1":2,"2":2,"3":0,"4":2},"b":{},"_coverageSchema":"1a1c01bbd47fc00a2c39e90264f33305004495a9","hash":"a5cd9ff3ed4a2d83c4051a0b13ce68cccec7d9fe"}
,"/Users/lu/Documents/HR/FEC/client/src/components/QuestionsAndAnswers/QuestionsList.jsx": {"path":"/Users/lu/Documents/HR/FEC/client/src/components/QuestionsAndAnswers/QuestionsList.jsx","statementMap":{"0":{"start":{"line":8,"column":16},"end":{"line":8,"column":26}},"1":{"start":{"line":10,"column":23},"end":{"line":15,"column":3}},"2":{"start":{"line":17,"column":2},"end":{"line":36,"column":4}},"3":{"start":{"line":23,"column":24},"end":{"line":23,"column":71}},"4":{"start":{"line":25,"column":10},"end":{"line":32,"column":11}},"5":{"start":{"line":26,"column":12},"end":{"line":31,"column":14}},"6":{"start":{"line":33,"column":10},"end":{"line":33,"column":22}}},"fnMap":{"0":{"name":"QuestionsList","decl":{"start":{"line":7,"column":9},"end":{"line":7,"column":22}},"loc":{"start":{"line":7,"column":70},"end":{"line":37,"column":1}},"line":7},"1":{"name":"(anonymous_1)","decl":{"start":{"line":23,"column":14},"end":{"line":23,"column":15}},"loc":{"start":{"line":23,"column":24},"end":{"line":23,"column":71}},"line":23},"2":{"name":"(anonymous_2)","decl":{"start":{"line":24,"column":13},"end":{"line":24,"column":14}},"loc":{"start":{"line":24,"column":34},"end":{"line":34,"column":9}},"line":24}},"branchMap":{"0":{"loc":{"start":{"line":7,"column":25},"end":{"line":7,"column":43}},"type":"default-arg","locations":[{"start":{"line":7,"column":41},"end":{"line":7,"column":43}}],"line":7},"1":{"loc":{"start":{"line":8,"column":16},"end":{"line":8,"column":26}},"type":"binary-expr","locations":[{"start":{"line":8,"column":16},"end":{"line":8,"column":21}},{"start":{"line":8,"column":25},"end":{"line":8,"column":26}}],"line":8},"2":{"loc":{"start":{"line":22,"column":7},"end":{"line":34,"column":10}},"type":"binary-expr","locations":[{"start":{"line":22,"column":7},"end":{"line":22,"column":20}},{"start":{"line":22,"column":24},"end":{"line":34,"column":10}}],"line":22},"3":{"loc":{"start":{"line":25,"column":10},"end":{"line":32,"column":11}},"type":"if","locations":[{"start":{"line":25,"column":10},"end":{"line":32,"column":11}},{"start":{},"end":{}}],"line":25}},"s":{"0":4,"1":4,"2":4,"3":0,"4":2,"5":2,"6":0},"f":{"0":4,"1":0,"2":2},"b":{"0":[0],"1":[4,4],"2":[4,4],"3":[2,0]},"_coverageSchema":"1a1c01bbd47fc00a2c39e90264f33305004495a9","hash":"1690969bba8fa5bbeaa8ce90a6a8428bf1ced619"}
,"/Users/lu/Documents/HR/FEC/client/src/components/QuestionsAndAnswers/QuestionsSearch.jsx": {"path":"/Users/lu/Documents/HR/FEC/client/src/components/QuestionsAndAnswers/QuestionsSearch.jsx","statementMap":{"0":{"start":{"line":5,"column":28},"end":{"line":13,"column":1}},"1":{"start":{"line":15,"column":20},"end":{"line":24,"column":1}},"2":{"start":{"line":26,"column":19},"end":{"line":34,"column":1}},"3":{"start":{"line":37,"column":56},"end":{"line":37,"column":68}},"4":{"start":{"line":38,"column":2},"end":{"line":52,"column":4}},"5":{"start":{"line":42,"column":24},"end":{"line":42,"column":48}}},"fnMap":{"0":{"name":"QuestionsSearch","decl":{"start":{"line":36,"column":9},"end":{"line":36,"column":24}},"loc":{"start":{"line":36,"column":27},"end":{"line":53,"column":1}},"line":36},"1":{"name":"(anonymous_1)","decl":{"start":{"line":42,"column":18},"end":{"line":42,"column":19}},"loc":{"start":{"line":42,"column":24},"end":{"line":42,"column":48}},"line":42}},"branchMap":{},"s":{"0":2,"1":2,"2":2,"3":4,"4":4,"5":0},"f":{"0":4,"1":0},"b":{},"_coverageSchema":"1a1c01bbd47fc00a2c39e90264f33305004495a9","hash":"d4d1afc301e3263a4db79212f1fe8c0543b4367d"}
,"/Users/lu/Documents/HR/FEC/client/src/components/QuestionsAndAnswers/ReportAnswerButton.jsx": {"path":"/Users/lu/Documents/HR/FEC/client/src/components/QuestionsAndAnswers/ReportAnswerButton.jsx","statementMap":{"0":{"start":{"line":4,"column":21},"end":{"line":9,"column":3}},"1":{"start":{"line":11,"column":2},"end":{"line":13,"column":4}}},"fnMap":{"0":{"name":"ReportAnswerButton","decl":{"start":{"line":3,"column":9},"end":{"line":3,"column":27}},"loc":{"start":{"line":3,"column":30},"end":{"line":14,"column":1}},"line":3}},"branchMap":{},"s":{"0":2,"1":2},"f":{"0":2},"b":{},"_coverageSchema":"1a1c01bbd47fc00a2c39e90264f33305004495a9","hash":"e75befe3f326d3e83b6df265a7b2d64ee452f148"}
,"/Users/lu/Documents/HR/FEC/client/src/components/RatingsAndReviews/AddReview.jsx": {"path":"/Users/lu/Documents/HR/FEC/client/src/components/RatingsAndReviews/AddReview.jsx","statementMap":{"0":{"start":{"line":21,"column":14},"end":{"line":32,"column":1}},"1":{"start":{"line":33,"column":18},"end":{"line":36,"column":1}},"2":{"start":{"line":38,"column":28},"end":{"line":46,"column":2}},"3":{"start":{"line":48,"column":15},"end":{"line":58,"column":1}},"4":{"start":{"line":61,"column":36},"end":{"line":61,"column":47}},"5":{"start":{"line":62,"column":34},"end":{"line":62,"column":48}},"6":{"start":{"line":63,"column":30},"end":{"line":63,"column":42}},"7":{"start":{"line":64,"column":24},"end":{"line":64,"column":36}},"8":{"start":{"line":65,"column":42},"end":{"line":65,"column":54}},"9":{"start":{"line":66,"column":32},"end":{"line":66,"column":44}},"10":{"start":{"line":67,"column":26},"end":{"line":67,"column":38}},"11":{"start":{"line":68,"column":24},"end":{"line":68,"column":35}},"12":{"start":{"line":69,"column":26},"end":{"line":69,"column":37}},"13":{"start":{"line":70,"column":30},"end":{"line":70,"column":41}},"14":{"start":{"line":71,"column":30},"end":{"line":71,"column":41}},"15":{"start":{"line":72,"column":28},"end":{"line":72,"column":39}},"16":{"start":{"line":73,"column":22},"end":{"line":73,"column":33}},"17":{"start":{"line":76,"column":4},"end":{"line":86,"column":5}},"18":{"start":{"line":77,"column":6},"end":{"line":77,"column":36}},"19":{"start":{"line":78,"column":11},"end":{"line":86,"column":5}},"20":{"start":{"line":79,"column":6},"end":{"line":79,"column":36}},"21":{"start":{"line":80,"column":11},"end":{"line":86,"column":5}},"22":{"start":{"line":81,"column":6},"end":{"line":81,"column":39}},"23":{"start":{"line":82,"column":11},"end":{"line":86,"column":5}},"24":{"start":{"line":83,"column":6},"end":{"line":83,"column":36}},"25":{"start":{"line":84,"column":11},"end":{"line":86,"column":5}},"26":{"start":{"line":85,"column":6},"end":{"line":85,"column":37}},"27":{"start":{"line":87,"column":4},"end":{"line":87,"column":16}},"28":{"start":{"line":90,"column":4},"end":{"line":90,"column":63}},"29":{"start":{"line":94,"column":4},"end":{"line":97,"column":5}},"30":{"start":{"line":95,"column":6},"end":{"line":95,"column":57}},"31":{"start":{"line":96,"column":6},"end":{"line":96,"column":19}},"32":{"start":{"line":98,"column":23},"end":{"line":98,"column":83}},"33":{"start":{"line":98,"column":55},"end":{"line":98,"column":82}},"34":{"start":{"line":99,"column":4},"end":{"line":102,"column":5}},"35":{"start":{"line":100,"column":6},"end":{"line":100,"column":74}},"36":{"start":{"line":101,"column":6},"end":{"line":101,"column":19}},"37":{"start":{"line":103,"column":4},"end":{"line":103,"column":16}},"38":{"start":{"line":107,"column":20},"end":{"line":107,"column":95}},"39":{"start":{"line":107,"column":76},"end":{"line":107,"column":94}},"40":{"start":{"line":108,"column":20},"end":{"line":110,"column":5}},"41":{"start":{"line":111,"column":20},"end":{"line":111,"column":22}},"42":{"start":{"line":112,"column":4},"end":{"line":116,"column":5}},"43":{"start":{"line":113,"column":6},"end":{"line":115,"column":7}},"44":{"start":{"line":114,"column":8},"end":{"line":114,"column":56}},"45":{"start":{"line":117,"column":4},"end":{"line":117,"column":21}},"46":{"start":{"line":120,"column":4},"end":{"line":120,"column":27}},"47":{"start":{"line":121,"column":19},"end":{"line":121,"column":35}},"48":{"start":{"line":123,"column":4},"end":{"line":151,"column":5}},"49":{"start":{"line":124,"column":20},"end":{"line":134,"column":8}},"50":{"start":{"line":136,"column":19},"end":{"line":144,"column":7}},"51":{"start":{"line":146,"column":6},"end":{"line":148,"column":46}},"52":{"start":{"line":147,"column":28},"end":{"line":147,"column":70}},"53":{"start":{"line":148,"column":26},"end":{"line":148,"column":44}},"54":{"start":{"line":150,"column":6},"end":{"line":150,"column":26}},"55":{"start":{"line":155,"column":17},"end":{"line":155,"column":31}},"56":{"start":{"line":156,"column":4},"end":{"line":156,"column":31}},"57":{"start":{"line":157,"column":4},"end":{"line":157,"column":45}},"58":{"start":{"line":158,"column":4},"end":{"line":158,"column":43}},"59":{"start":{"line":159,"column":4},"end":{"line":167,"column":40}},"60":{"start":{"line":163,"column":22},"end":{"line":163,"column":33}},"61":{"start":{"line":165,"column":8},"end":{"line":165,"column":63}},"62":{"start":{"line":167,"column":22},"end":{"line":167,"column":38}},"63":{"start":{"line":170,"column":2},"end":{"line":261,"column":4}},"64":{"start":{"line":175,"column":98},"end":{"line":175,"column":117}},"65":{"start":{"line":185,"column":75},"end":{"line":185,"column":102}},"66":{"start":{"line":193,"column":76},"end":{"line":193,"column":104}},"67":{"start":{"line":201,"column":78},"end":{"line":201,"column":108}},"68":{"start":{"line":209,"column":78},"end":{"line":209,"column":108}},"69":{"start":{"line":217,"column":77},"end":{"line":217,"column":106}},"70":{"start":{"line":225,"column":74},"end":{"line":225,"column":100}},"71":{"start":{"line":236,"column":40},"end":{"line":236,"column":70}},"72":{"start":{"line":239,"column":60},"end":{"line":239,"column":87}},"73":{"start":{"line":243,"column":97},"end":{"line":243,"column":135}},"74":{"start":{"line":244,"column":76},"end":{"line":244,"column":150}},"75":{"start":{"line":248,"column":40},"end":{"line":248,"column":71}},"76":{"start":{"line":253,"column":53},"end":{"line":253,"column":81}},"77":{"start":{"line":257,"column":38},"end":{"line":257,"column":57}}},"fnMap":{"0":{"name":"AddReview","decl":{"start":{"line":60,"column":9},"end":{"line":60,"column":18}},"loc":{"start":{"line":60,"column":62},"end":{"line":262,"column":1}},"line":60},"1":{"name":"starRater","decl":{"start":{"line":75,"column":11},"end":{"line":75,"column":20}},"loc":{"start":{"line":75,"column":34},"end":{"line":88,"column":3}},"line":75},"2":{"name":"recommendSetter","decl":{"start":{"line":89,"column":11},"end":{"line":89,"column":26}},"loc":{"start":{"line":89,"column":34},"end":{"line":91,"column":3}},"line":89},"3":{"name":"validateSubmit","decl":{"start":{"line":93,"column":11},"end":{"line":93,"column":25}},"loc":{"start":{"line":93,"column":28},"end":{"line":104,"column":3}},"line":93},"4":{"name":"(anonymous_4)","decl":{"start":{"line":98,"column":42},"end":{"line":98,"column":43}},"loc":{"start":{"line":98,"column":55},"end":{"line":98,"column":82}},"line":98},"5":{"name":"characteristicCreater","decl":{"start":{"line":106,"column":11},"end":{"line":106,"column":32}},"loc":{"start":{"line":106,"column":35},"end":{"line":118,"column":3}},"line":106},"6":{"name":"(anonymous_6)","decl":{"start":{"line":107,"column":66},"end":{"line":107,"column":67}},"loc":{"start":{"line":107,"column":76},"end":{"line":107,"column":94}},"line":107},"7":{"name":"submitForm","decl":{"start":{"line":119,"column":11},"end":{"line":119,"column":21}},"loc":{"start":{"line":119,"column":24},"end":{"line":152,"column":3}},"line":119},"8":{"name":"(anonymous_8)","decl":{"start":{"line":147,"column":14},"end":{"line":147,"column":15}},"loc":{"start":{"line":147,"column":28},"end":{"line":147,"column":70}},"line":147},"9":{"name":"(anonymous_9)","decl":{"start":{"line":148,"column":15},"end":{"line":148,"column":16}},"loc":{"start":{"line":148,"column":26},"end":{"line":148,"column":44}},"line":148},"10":{"name":"cloudinaryLoad","decl":{"start":{"line":154,"column":11},"end":{"line":154,"column":25}},"loc":{"start":{"line":154,"column":33},"end":{"line":168,"column":3}},"line":154},"11":{"name":"(anonymous_11)","decl":{"start":{"line":163,"column":12},"end":{"line":163,"column":13}},"loc":{"start":{"line":163,"column":22},"end":{"line":163,"column":33}},"line":163},"12":{"name":"(anonymous_12)","decl":{"start":{"line":164,"column":12},"end":{"line":164,"column":13}},"loc":{"start":{"line":164,"column":26},"end":{"line":166,"column":7}},"line":164},"13":{"name":"(anonymous_13)","decl":{"start":{"line":167,"column":13},"end":{"line":167,"column":14}},"loc":{"start":{"line":167,"column":22},"end":{"line":167,"column":38}},"line":167},"14":{"name":"(anonymous_14)","decl":{"start":{"line":175,"column":87},"end":{"line":175,"column":88}},"loc":{"start":{"line":175,"column":98},"end":{"line":175,"column":117}},"line":175},"15":{"name":"(anonymous_15)","decl":{"start":{"line":185,"column":64},"end":{"line":185,"column":65}},"loc":{"start":{"line":185,"column":75},"end":{"line":185,"column":102}},"line":185},"16":{"name":"(anonymous_16)","decl":{"start":{"line":193,"column":65},"end":{"line":193,"column":66}},"loc":{"start":{"line":193,"column":76},"end":{"line":193,"column":104}},"line":193},"17":{"name":"(anonymous_17)","decl":{"start":{"line":201,"column":67},"end":{"line":201,"column":68}},"loc":{"start":{"line":201,"column":78},"end":{"line":201,"column":108}},"line":201},"18":{"name":"(anonymous_18)","decl":{"start":{"line":209,"column":67},"end":{"line":209,"column":68}},"loc":{"start":{"line":209,"column":78},"end":{"line":209,"column":108}},"line":209},"19":{"name":"(anonymous_19)","decl":{"start":{"line":217,"column":66},"end":{"line":217,"column":67}},"loc":{"start":{"line":217,"column":77},"end":{"line":217,"column":106}},"line":217},"20":{"name":"(anonymous_20)","decl":{"start":{"line":225,"column":63},"end":{"line":225,"column":64}},"loc":{"start":{"line":225,"column":74},"end":{"line":225,"column":100}},"line":225},"21":{"name":"(anonymous_21)","decl":{"start":{"line":236,"column":29},"end":{"line":236,"column":30}},"loc":{"start":{"line":236,"column":40},"end":{"line":236,"column":70}},"line":236},"22":{"name":"(anonymous_22)","decl":{"start":{"line":239,"column":49},"end":{"line":239,"column":50}},"loc":{"start":{"line":239,"column":60},"end":{"line":239,"column":87}},"line":239},"23":{"name":"(anonymous_23)","decl":{"start":{"line":243,"column":84},"end":{"line":243,"column":85}},"loc":{"start":{"line":243,"column":95},"end":{"line":243,"column":137}},"line":243},"24":{"name":"(anonymous_24)","decl":{"start":{"line":244,"column":58},"end":{"line":244,"column":59}},"loc":{"start":{"line":244,"column":76},"end":{"line":244,"column":150}},"line":244},"25":{"name":"(anonymous_25)","decl":{"start":{"line":248,"column":29},"end":{"line":248,"column":30}},"loc":{"start":{"line":248,"column":40},"end":{"line":248,"column":71}},"line":248},"26":{"name":"(anonymous_26)","decl":{"start":{"line":253,"column":42},"end":{"line":253,"column":43}},"loc":{"start":{"line":253,"column":53},"end":{"line":253,"column":81}},"line":253},"27":{"name":"(anonymous_27)","decl":{"start":{"line":257,"column":27},"end":{"line":257,"column":28}},"loc":{"start":{"line":257,"column":38},"end":{"line":257,"column":57}},"line":257}},"branchMap":{"0":{"loc":{"start":{"line":76,"column":4},"end":{"line":86,"column":5}},"type":"if","locations":[{"start":{"line":76,"column":4},"end":{"line":86,"column":5}},{"start":{"line":78,"column":11},"end":{"line":86,"column":5}}],"line":76},"1":{"loc":{"start":{"line":78,"column":11},"end":{"line":86,"column":5}},"type":"if","locations":[{"start":{"line":78,"column":11},"end":{"line":86,"column":5}},{"start":{"line":80,"column":11},"end":{"line":86,"column":5}}],"line":78},"2":{"loc":{"start":{"line":80,"column":11},"end":{"line":86,"c
[...]
3,"column":23}},"15":{"start":{"line":48,"column":4},"end":{"line":56,"column":7}},"16":{"start":{"line":53,"column":6},"end":{"line":53,"column":30}},"17":{"start":{"line":55,"column":6},"end":{"line":55,"column":23}},"18":{"start":{"line":60,"column":4},"end":{"line":71,"column":7}},"19":{"start":{"line":68,"column":6},"end":{"line":68,"column":50}},"20":{"start":{"line":70,"column":6},"end":{"line":70,"column":23}},"21":{"start":{"line":75,"column":25},"end":{"line":79,"column":3}},"22":{"start":{"line":76,"column":4},"end":{"line":78,"column":5}},"23":{"start":{"line":77,"column":6},"end":{"line":77,"column":39}},"24":{"start":{"line":81,"column":22},"end":{"line":85,"column":3}},"25":{"start":{"line":82,"column":4},"end":{"line":84,"column":5}},"26":{"start":{"line":83,"column":6},"end":{"line":83,"column":39}},"27":{"start":{"line":89,"column":27},"end":{"line":91,"column":3}},"28":{"start":{"line":90,"column":4},"end":{"line":90,"column":22}},"29":{"start":{"line":92,"column":27},"end":{"line":94,"column":3}},"30":{"start":{"line":93,"column":4},"end":{"line":93,"column":23}},"31":{"start":{"line":96,"column":2},"end":{"line":100,"column":9}},"32":{"start":{"line":97,"column":4},"end":{"line":97,"column":16}},"33":{"start":{"line":98,"column":4},"end":{"line":98,"column":17}},"34":{"start":{"line":99,"column":4},"end":{"line":99,"column":21}},"35":{"start":{"line":106,"column":2},"end":{"line":115,"column":3}},"36":{"start":{"line":107,"column":4},"end":{"line":112,"column":5}},"37":{"start":{"line":114,"column":4},"end":{"line":114,"column":46}},"38":{"start":{"line":117,"column":2},"end":{"line":143,"column":3}},"39":{"start":{"line":118,"column":4},"end":{"line":142,"column":6}},"40":{"start":{"line":123,"column":115},"end":{"line":123,"column":146}},"41":{"start":{"line":123,"column":213},"end":{"line":123,"column":244}},"42":{"start":{"line":124,"column":42},"end":{"line":124,"column":63}},"43":{"start":{"line":127,"column":14},"end":{"line":130,"column":15}},"44":{"start":{"line":128,"column":67},"end":{"line":128,"column":90}},"45":{"start":{"line":144,"column":2},"end":{"line":144,"column":33}},"46":{"start":{"line":147,"column":22},"end":{"line":159,"column":1}},"47":{"start":{"line":160,"column":20},"end":{"line":163,"column":1}},"48":{"start":{"line":164,"column":19},"end":{"line":166,"column":1}},"49":{"start":{"line":168,"column":19},"end":{"line":171,"column":1}},"50":{"start":{"line":173,"column":19},"end":{"line":181,"column":1}},"51":{"start":{"line":183,"column":20},"end":{"line":191,"column":1}},"52":{"start":{"line":193,"column":22},"end":{"line":205,"column":1}},"53":{"start":{"line":207,"column":16},"end":{"line":219,"column":1}},"54":{"start":{"line":220,"column":21},"end":{"line":226,"column":1}}},"fnMap":{"0":{"name":"ItemCard","decl":{"start":{"line":13,"column":9},"end":{"line":13,"column":17}},"loc":{"start":{"line":13,"column":25},"end":{"line":145,"column":1}},"line":13},"1":{"name":"averageReviews","decl":{"start":{"line":23,"column":11},"end":{"line":23,"column":25}},"loc":{"start":{"line":23,"column":31},"end":{"line":31,"column":3}},"line":23},"2":{"name":"getStyles","decl":{"start":{"line":35,"column":11},"end":{"line":35,"column":20}},"loc":{"start":{"line":35,"column":23},"end":{"line":45,"column":3}},"line":35},"3":{"name":"(anonymous_3)","decl":{"start":{"line":40,"column":12},"end":{"line":40,"column":13}},"loc":{"start":{"line":40,"column":21},"end":{"line":42,"column":5}},"line":40},"4":{"name":"(anonymous_4)","decl":{"start":{"line":42,"column":13},"end":{"line":42,"column":14}},"loc":{"start":{"line":42,"column":22},"end":{"line":44,"column":5}},"line":42},"5":{"name":"getProductInfo","decl":{"start":{"line":47,"column":11},"end":{"line":47,"column":25}},"loc":{"start":{"line":47,"column":28},"end":{"line":57,"column":3}},"line":47},"6":{"name":"(anonymous_6)","decl":{"start":{"line":52,"column":12},"end":{"line":52,"column":13}},"loc":{"start":{"line":52,"column":21},"end":{"line":54,"column":5}},"line":52},"7":{"name":"(anonymous_7)","decl":{"start":{"line":54,"column":13},"end":{"line":54,"column":14}},"loc":{"start":{"line":54,"column":22},"end":{"line":56,"column":5}},"line":54},"8":{"name":"getReviews","decl":{"start":{"line":59,"column":11},"end":{"line":59,"column":21}},"loc":{"start":{"line":59,"column":24},"end":{"line":72,"column":3}},"line":59},"9":{"name":"(anonymous_9)","decl":{"start":{"line":67,"column":12},"end":{"line":67,"column":13}},"loc":{"start":{"line":67,"column":21},"end":{"line":69,"column":5}},"line":67},"10":{"name":"(anonymous_10)","decl":{"start":{"line":69,"column":13},"end":{"line":69,"column":14}},"loc":{"start":{"line":69,"column":22},"end":{"line":71,"column":5}},"line":69},"11":{"name":"(anonymous_11)","decl":{"start":{"line":75,"column":25},"end":{"line":75,"column":26}},"loc":{"start":{"line":75,"column":31},"end":{"line":79,"column":3}},"line":75},"12":{"name":"(anonymous_12)","decl":{"start":{"line":81,"column":22},"end":{"line":81,"column":23}},"loc":{"start":{"line":81,"column":28},"end":{"line":85,"column":3}},"line":81},"13":{"name":"(anonymous_13)","decl":{"start":{"line":89,"column":27},"end":{"line":89,"column":28}},"loc":{"start":{"line":89,"column":33},"end":{"line":91,"column":3}},"line":89},"14":{"name":"(anonymous_14)","decl":{"start":{"line":92,"column":27},"end":{"line":92,"column":28}},"loc":{"start":{"line":92,"column":33},"end":{"line":94,"column":3}},"line":92},"15":{"name":"(anonymous_15)","decl":{"start":{"line":96,"column":12},"end":{"line":96,"column":13}},"loc":{"start":{"line":96,"column":18},"end":{"line":100,"column":3}},"line":96},"16":{"name":"(anonymous_16)","decl":{"start":{"line":123,"column":107},"end":{"line":123,"column":108}},"loc":{"start":{"line":123,"column":113},"end":{"line":123,"column":148}},"line":123},"17":{"name":"(anonymous_17)","decl":{"start":{"line":123,"column":205},"end":{"line":123,"column":206}},"loc":{"start":{"line":123,"column":211},"end":{"line":123,"column":246}},"line":123},"18":{"name":"(anonymous_18)","decl":{"start":{"line":124,"column":34},"end":{"line":124,"column":35}},"loc":{"start":{"line":124,"column":40},"end":{"line":124,"column":65}},"line":124},"19":{"name":"(anonymous_19)","decl":{"start":{"line":126,"column":44},"end":{"line":126,"column":45}},"loc":{"start":{"line":126,"column":60},"end":{"line":132,"column":13}},"line":126},"20":{"name":"(anonymous_20)","decl":{"start":{"line":128,"column":63},"end":{"line":128,"column":64}},"loc":{"start":{"line":128,"column":67},"end":{"line":128,"column":90}},"line":128}},"branchMap":{"0":{"loc":{"start":{"line":76,"column":4},"end":{"line":78,"column":5}},"type":"if","locations":[{"start":{"line":76,"column":4},"end":{"line":78,"column":5}},{"start":{},"end":{}}],"line":76},"1":{"loc":{"start":{"line":82,"column":4},"end":{"line":84,"column":5}},"type":"if","locations":[{"start":{"line":82,"column":4},"end":{"line":84,"column":5}},{"start":{},"end":{}}],"line":82},"2":{"loc":{"start":{"line":106,"column":2},"end":{"line":115,"column":3}},"type":"if","locations":[{"start":{"line":106,"column":2},"end":{"line":115,"column":3}},{"start":{"line":113,"column":9},"end":{"line":115,"column":3}}],"line":106},"3":{"loc":{"start":{"line":117,"column":2},"end":{"line":143,"column":3}},"type":"if","locations":[{"start":{"line":117,"column":2},"end":{"line":143,"column":3}},{"start":{},"end":{}}],"line":117},"4":{"loc":{"start":{"line":117,"column":6},"end":{"line":117,"column":21}},"type":"binary-expr","locations":[{"start":{"line":117,"column":6},"end":{"line":117,"column":13}},{"start":{"line":117,"column":17},"end":{"line":117,"column":21}}],"line":117},"5":{"loc":{"start":{"line":121,"column":11},"end":{"line":121,"column":100}},"type":"binary-expr","locations":[{"start":{"line":121,"column":11},"end":{"line":121,"column":18}},{"start":{"line":121,"column":22},"end":{"line":121,"column":100}}],"line":121},"6":{"loc":{"start":{"line":122,"column":11},"end":{"line":122,"column":95}},"type":"binary-expr","locations":[{"start":{"line":122,"column":11},"end":{"line":122,"column":18}},{"start":{"line":122,"column":22},"end":{"line":122,"column":95}}],"line":122},"7":{"loc":{"start":{"line":123,"column":11},"end":{"line":123,"column":250}},"type":"cond-expr","locations":[{"start":{"line":123,"column":42},"end":{"line":123,"column":152}},{"start":{"line":123,"column":155},"end":{"line":123,"column":250}}],"line":123},"8":{"loc":{"start":{"line":125,"column":11},"end":{"line":133,"column":28}},"type":"cond-expr","locations":[{"start":{"line":125,"column":22},"end":{"line":133,"column":20}},{"start":{"line":133,"column":24},"end":{"line":133,"column":28}}],"line":125},"9":{"loc":{"start":{"line":126,"column":13},"end":{"line":132,"column":14}},"type":"binary-expr","locations":[{"start":{"line":126,"column":13},"end":{"line":126,"column":24}},{"start":{"line":126,"column":28},"end":{"line":132,"column":14}}],"line":126},"10":{"loc":{"start":{"line":139,"column":9},"end":{"line":139,"column":92}},"type":"binary-expr","locations":[{"start":{"line":139,"column":9},"end":{"line":139,"column":16}},{"start":{"line":139,"column":20},"end":{"line":139,"column":92}}],"line":139},"11":{"loc":{"start":{"line":140,"column":9},"end":{"line":140,"column":114}},"type":"binary-expr","locations":[{"start":{"line":140,"column":9},"end":{"line":140,"column":18}},{"start":{"line":140,"column":22},"end":{"line":140,"column":114}}],"line":140}},"s":{"0":35,"1":33,"2":33,"3":33,"4":33,"5":33,"6":11,"7":11,"8":11,"9":54,"10":54,"11":11,"12":15,"13":11,"14":0,"15":15,"16":11,"17":0,"18":15,"19":11,"20":0,"21":33,"22":0,"23":0,"24":33,"25":0,"26":0,"27":33,"28":0,"29":33,"30":0,"31":33,"32":15,"33":15,"34":15,"35":33,"36":0,"37":33,"38":33,"39":10,"40":0,"41":0,"42":0,"43":0,"44":0,"45":23,"46":3,"47":3,"48":3,"49":3,"50":3,"51":3,"52":3,"53":3,"54":3},"f":{"0":35,"1":11,"2":15,"3":11,"4":0,"5":15,"6":11,"7":0,"8":15,"9":11,"10":0,"11":0,"12":0,"13":0,"14":0,"15":15,"16":0,"17":0,"18":0,"19":0,"20":0},"b":{"0":[0,0],"1":[0,0],"2":[0,33],"3":[10,23],"4":[33,12],"5":[10,0],"6":[10,0],"7":[5,5],"8":[0,10],"9":[0,0],"10":[10,8],"11":[10,0]},"_coverageSchema":"1a1c01bbd47fc00a2c39e90264f33305004495a9","hash":"cc10511468b5058630cdb3011fbfb5fb3e794e56"}
,"/Users/lu/Documents/HR/FEC/client/src/components/RelatedItemsAndComparison/Relateditems/relateditems.jsx": {"path":"/Users/lu/Documents/HR/FEC/client/src/components/RelatedItemsAndComparison/Relateditems/relateditems.jsx","statementMap":{"0":{"start":{"line":9,"column":42},"end":{"line":9,"column":57}},"1":{"start":{"line":10,"column":44},"end":{"line":10,"column":58}},"2":{"start":{"line":12,"column":20},"end":{"line":19,"column":3}},"3":{"start":{"line":13,"column":4},"end":{"line":13,"column":27}},"4":{"start":{"line":14,"column":19},"end":{"line":14,"column":52}},"5":{"start":{"line":15,"column":4},"end":{"line":15,"column":29}},"6":{"start":{"line":16,"column":4},"end":{"line":18,"column":5}},"7":{"start":{"line":17,"column":6},"end":{"line":17,"column":29}},"8":{"start":{"line":20,"column":21},"end":{"line":27,"column":3}},"9":{"start":{"line":21,"column":4},"end":{"line":21,"column":26}},"10":{"start":{"line":22,"column":19},"end":{"line":22,"column":52}},"11":{"start":{"line":23,"column":4},"end":{"line":23,"column":29}},"12":{"start":{"line":24,"column":4},"end":{"line":26,"column":5}},"13":{"start":{"line":25,"column":6},"end":{"line":25,"column":30}},"14":{"start":{"line":28,"column":22},"end":{"line":38,"column":4}},"15":{"start":{"line":29,"column":4},"end":{"line":35,"column":6}},"16":{"start":{"line":39,"column":2},"end":{"line":55,"column":4}},"17":{"start":{"line":58,"column":20},"end":{"line":65,"column":1}},"18":{"start":{"line":67,"column":22},"end":{"line":78,"column":1}},"19":{"start":{"line":80,"column":19},"end":{"line":86,"column":1}},"20":{"start":{"line":88,"column":26},"end":{"line":93,"column":1}},"21":{"start":{"line":94,"column":20},"end":{"line":100,"column":1}},"22":{"start":{"line":102,"column":27},"end":{"line":108,"column":1}}},"fnMap":{"0":{"name":"RelatedItems","decl":{"start":{"line":7,"column":9},"end":{"line":7,"column":21}},"loc":{"start":{"line":7,"column":85},"end":{"line":56,"column":1}},"line":7},"1":{"name":"(anonymous_1)","decl":{"start":{"line":12,"column":20},"end":{"line":12,"column":21}},"loc":{"start":{"line":12,"column":26},"end":{"line":19,"column":3}},"line":12},"2":{"name":"(anonymous_2)","decl":{"start":{"line":20,"column":21},"end":{"line":20,"column":22}},"loc":{"start":{"line":20,"column":27},"end":{"line":27,"column":3}},"line":20},"3":{"name":"(anonymous_3)","decl":{"start":{"line":28,"column":39},"end":{"line":28,"column":40}},"loc":{"start":{"line":29,"column":4},"end":{"line":35,"column":6}},"line":29}},"branchMap":{"0":{"loc":{"start":{"line":16,"column":4},"end":{"line":18,"column":5}},"type":"if","locations":[{"start":{"line":16,"column":4},"end":{"line":18,"column":5}},{"start":{},"end":{}}],"line":16},"1":{"loc":{"start":{"line":24,"column":4},"end":{"line":26,"column":5}},"type":"if","locations":[{"start":{"line":24,"column":4},"end":{"line":26,"column":5}},{"start":{},"end":{}}],"line":24},"2":{"loc":{"start":{"line":43,"column":11},"end":{"line":43,"column":95}},"type":"cond-expr","locations":[{"start":{"line":43,"column":26},"end":{"line":43,"column":88}},{"start":{"line":43,"column":91},"end":{"line":43,"column":95}}],"line":43},"3":{"loc":{"start":{"line":49,"column":11},"end":{"line":49,"column":126}},"type":"cond-expr","locations":[{"start":{"line":49,"column":27},"end":{"line":49,"column":119}},{"start":{"line":49,"column":122},"end":{"line":49,"column":126}}],"line":49}},"s":{"0":8,"1":8,"2":8,"3":0,"4":0,"5":0,"6":0,"7":0,"8":8,"9":0,"10":0,"11":0,"12":0,"13":0,"14":8,"15":20,"16":8,"17":3,"18":3,"19":3,"20":3,"21":3,"22":3},"f":{"0":8,"1":0,"2":0,"3":20},"b":{"0":[0,0],"1":[0,0],"2":[0,8],"3":[8,0]},"_coverageSchema":"1a1c01bbd47fc00a2c39e90264f33305004495a9","hash":"0adf04b51bd2c4cd3f00b6b70680cee4954d56a4"}
,"/Users/lu/Documents/HR/FEC/client/src/components/RelatedItemsAndComparison/Relateditems/relatedmodal.jsx": {"path":"/Users/lu/Documents/HR/FEC/client/src/components/RelatedItemsAndComparison/Relateditems/relatedmodal.jsx","statementMap":{"0":{"start":{"line":12,"column":43},"end":{"line":12,"column":55}},"1":{"start":{"line":15,"column":2},"end":{"line":25,"column":9}},"2":{"start":{"line":16,"column":4},"end":{"line":24,"column":7}},"3":{"start":{"line":21,"column":6},"end":{"line":21,"column":34}},"4":{"start":{"line":23,"column":6},"end":{"line":23,"column":23}},"5":{"start":{"line":28,"column":27},"end":{"line":28,"column":29}},"6":{"start":{"line":29,"column":2},"end":{"line":64,"column":3}},"7":{"start":{"line":30,"column":27},"end":{"line":30,"column":36}},"8":{"start":{"line":31,"column":4},"end":{"line":33,"column":7}},"9":{"start":{"line":32,"column":6},"end":{"line":32,"column":51}},"10":{"start":{"line":34,"column":29},"end":{"line":34,"column":38}},"11":{"start":{"line":35,"column":4},"end":{"line":37,"column":7}},"12":{"start":{"line":36,"column":6},"end":{"line":36,"column":53}},"13":{"start":{"line":38,"column":22},"end":{"line":38,"column":85}},"14":{"start":{"line":40,"column":4},"end":{"line":63,"column":7}},"15":{"start":{"line":41,"column":21},"end":{"line":41,"column":23}},"16":{"start":{"line":42,"column":6},"end":{"line":42,"column":23}},"17":{"start":{"line":43,"column":6},"end":{"line":51,"column":7}},"18":{"start":{"line":44,"column":8},"end":{"line":48,"column":9}},"19":{"start":{"line":45,"column":10},"end":{"line":45,"column":27}},"20":{"start":{"line":47,"column":10},"end":{"line":47,"column":47}},"21":{"start":{"line":50,"column":8},"end":{"line":50,"column":26}},"22":{"start":{"line":53,"column":6},"end":{"line":61,"column":7}},"23":{"start":{"line":54,"column":8},"end":{"line":58,"column":9}},"24":{"start":{"line":55,"column":10},"end":{"line":55,"column":27}},"25":{"start":{"line":57,"column":10},"end":{"line":57,"column":49}},"26":{"start":{"line":60,"column":8},"end":{"line":60,"column":26}},"27":{"start":{"line":62,"column":6},"end":{"line":62,"column":36}},"28":{"start":{"line":65,"column":2},"end":{"line":85,"column":4}},"29":{"start":{"line":68,"column":50},"end":{"line":68,"column":74}},"30":{"start":{"line":76,"column":10},"end":{"line":80,"column":15}},"31":{"start":{"line":88,"column":21},"end":{"line":102,"column":1}},"32":{"start":{"line":103,"column":24},"end":{"line":108,"column":1}},"33":{"start":{"line":110,"column":20},"end":{"line":118,"column":1}},"34":{"start":{"line":120,"column":21},"end":{"line":125,"column":1}},"35":{"start":{"line":127,"column":21},"end":{"line":129,"column":1}}},"fnMap":{"0":{"name":"RelatedModal","decl":{"start":{"line":11,"column":9},"end":{"line":11,"column":21}},"loc":{"start":{"line":11,"column":29},"end":{"line":86,"column":1}},"line":11},"1":{"name":"(anonymous_1)","decl":{"start":{"line":15,"column":12},"end":{"line":15,"column":13}},"loc":{"start":{"line":15,"column":18},"end":{"line":25,"column":3}},"line":15},"2":{"name":"(anonymous_2)","decl":{"start":{"line":20,"column":12},"end":{"line":20,"column":13}},"loc":{"start":{"line":20,"column":21},"end":{"line":22,"column":5}},"line":20},"3":{"name":"(anonymous_3)","decl":{"start":{"line":22,"column":13},"end":{"line":22,"column":14}},"loc":{"start":{"line":22,"column":22},"end":{"line":24,"column":5}},"line":22},"4":{"name":"(anonymous_4)","decl":{"start":{"line":31,"column":33},"end":{"line":31,"column":34}},"loc":{"start":{"line":31,"column":43},"end":{"line":33,"column":5}},"line":31},"5":{"name":"(anonymous_5)","decl":{"start":{"line":35,"column":32},"end":{"line":35,"column":33}},"loc":{"start":{"line":35,"column":42},"end":{"line":37,"column":5}},"line":35},"6":{"name":"(anonymous_6)","decl":{"start":{"line":40,"column":22},"end":{"line":40,"column":23}},"loc":{"start":{"line":40,"column":31},"end":{"line":63,"column":5}},"line":40},"7":{"name":"(anonymous_7)","decl":{"start":{"line":68,"column":42},"end":{"line":68,"column":43}},"loc":{"start":{"line":68,"column":48},"end":{"line":68,"column":76}},"line":68},"8":{"name":"(anonymous_8)","decl":{"start":{"line":75,"column":30},"end":{"line":75,"column":31}},"loc":{"start":{"line":76,"column":10},"end":{"line":80,"column":15}},"line":76}},"branchMap":{"0":{"loc":{"start":{"line":29,"column":2},"end":{"line":64,"column":3}},"type":"if","locations":[{"start":{"line":29,"column":2},"end":{"line":64,"column":3}},{"start":{},"end":{}}],"line":29},"1":{"loc":{"start":{"line":43,"column":6},"end":{"line":51,"column":7}},"type":"if","locations":[{"start":{"line":43,"column":6},"end":{"line":51,"column":7}},{"start":{"line":49,"column":13},"end":{"line":51,"column":7}}],"line":43},"2":{"loc":{"start":{"line":44,"column":8},"end":{"line":48,"column":9}},"type":"if","locations":[{"start":{"line":44,"column":8},"end":{"line":48,"column":9}},{"start":{"line":46,"column":15},"end":{"line":48,"column":9}}],"line":44},"3":{"loc":{"start":{"line":53,"column":6},"end":{"line":61,"column":7}},"type":"if","locations":[{"start":{"line":53,"column":6},"end":{"line":61,"column":7}},{"start":{"line":59,"column":13},"end":{"line":61,"column":7}}],"line":53},"4":{"loc":{"start":{"line":54,"column":8},"end":{"line":58,"column":9}},"type":"if","locations":[{"start":{"line":54,"column":8},"end":{"line":58,"column":9}},{"start":{"line":56,"column":15},"end":{"line":58,"column":9}}],"line":54}},"s":{"0":2,"1":1,"2":1,"3":0,"4":0,"5":1,"6":1,"7":0,"8":0,"9":0,"10":0,"11":0,"12":0,"13":0,"14":0,"15":0,"16":0,"17":0,"18":0,"19":0,"20":0,"21":0,"22":0,"23":0,"24":0,"25":0,"26":0,"27":0,"28":1,"29":0,"30":0,"31":3,"32":3,"33":3,"34":3,"35":3},"f":{"0":2,"1":1,"2":0,"3":0,"4":0,"5":0,"6":0,"7":0,"8":0},"b":{"0":[0,1],"1":[0,0],"2":[0,0],"3":[0,0],"4":[0,0]},"_coverageSchema":"1a1c01bbd47fc00a2c39e90264f33305004495a9","hash":"b9a9ce7300586f9d9ccf0887ad48db133d1a0f1d"}
}
