TN:
SF:token.js
FNF:0
FNH:0
DA:5,3
LF:1
LH:1
BRF:0
BRH:0
end_of_record
TN:
SF:client/src/components/App.jsx
FN:10,App
FN:19,themeToggle
FN:75,handleSearch
FNF:3
FNH:2
FNDA:5,App
FNDA:0,themeToggle
FNDA:1,handleSearch
DA:11,5
DA:13,3
DA:15,3
DA:17,3
DA:20,0
DA:23,3
DA:29,3
DA:35,3
DA:42,3
DA:48,3
DA:60,3
DA:76,1
DA:77,1
DA:78,1
DA:79,1
DA:87,1
DA:95,1
DA:96,0
DA:97,0
DA:99,1
DA:101,0
DA:105,3
DA:119,3
DA:123,3
LF:24
LH:20
BRDA:20,0,0,0
BRDA:20,0,1,0
BRDA:36,1,0,3
BRDA:36,1,1,0
BRDA:37,2,0,3
BRDA:37,2,1,0
BRDA:95,3,0,0
BRDA:95,3,1,1
BRDA:124,4,0,3
BRDA:124,4,1,0
BRF:10
BRH:4
end_of_record
TN:
SF:client/src/components/withClickTracker.jsx
FN:5,withClickTracker
FN:6,clickTracker
FN:19,(anonymous_2)
FN:21,(anonymous_3)
FNF:4
FNH:3
FNDA:7,withClickTracker
FNDA:2,clickTracker
FNDA:0,(anonymous_2)
FNDA:21,(anonymous_3)
DA:7,2
DA:19,0
DA:21,21
LF:3
LH:2
BRF:0
BRH:0
end_of_record
TN:
SF:client/src/components/Overview/ImageGallery.jsx
FN:9,ImageGallery
FN:20,(anonymous_1)
FN:21,(anonymous_2)
FN:26,selectBigPicture
FN:30,changeBigPicture
FN:184,scrollDown
FN:196,toggleZoomView
FN:201,galleryGenerator
FN:203,(anonymous_8)
FN:271,handleMouseZoom
FN:297,(anonymous_10)
FN:301,(anonymous_11)
FNF:12
FNH:6
FNDA:21,ImageGallery
FNDA:21,(anonymous_1)
FNDA:11,(anonymous_2)
FNDA:1,selectBigPicture
FNDA:0,changeBigPicture
FNDA:0,scrollDown
FNDA:0,toggleZoomView
FNDA:11,galleryGenerator
FNDA:66,(anonymous_8)
FNDA:0,handleMouseZoom
FNDA:0,(anonymous_10)
FNDA:0,(anonymous_11)
DA:13,21
DA:14,21
DA:15,21
DA:16,21
DA:17,21
DA:20,21
DA:22,11
DA:27,1
DA:31,0
DA:33,0
DA:34,0
DA:36,0
DA:37,0
DA:38,0
DA:39,0
DA:41,0
DA:45,0
DA:48,0
DA:49,0
DA:51,0
DA:52,0
DA:53,0
DA:54,0
DA:56,0
DA:60,0
DA:63,0
DA:67,21
DA:75,21
DA:80,21
DA:85,21
DA:93,21
DA:108,21
DA:119,21
DA:130,21
DA:138,21
DA:149,21
DA:157,21
DA:167,21
DA:174,21
DA:185,0
DA:186,0
DA:187,0
DA:189,0
DA:190,0
DA:191,0
DA:197,0
DA:198,0
DA:202,11
DA:203,11
DA:204,66
DA:205,66
DA:206,0
DA:207,0
DA:225,0
DA:243,66
DA:244,11
DA:245,11
DA:256,55
DA:257,55
DA:272,0
DA:279,21
DA:297,0
DA:301,0
LF:63
LH:31
BRDA:31,0,0,0
BRDA:31,0,1,0
BRDA:31,0,2,0
BRDA:33,1,0,0
BRDA:33,1,1,0
BRDA:38,2,0,0
BRDA:38,2,1,0
BRDA:48,3,0,0
BRDA:48,3,1,0
BRDA:53,4,0,0
BRDA:53,4,1,0
BRDA:94,5,0,0
BRDA:94,5,1,21
BRDA:97,6,0,0
BRDA:97,6,1,21
BRDA:97,7,0,0
BRDA:97,7,1,0
BRDA:98,8,0,21
BRDA:98,8,1,11
BRDA:99,9,0,1
BRDA:99,9,1,10
BRDA:102,10,0,0
BRDA:102,10,1,21
BRDA:103,11,0,0
BRDA:103,11,1,21
BRDA:105,12,0,0
BRDA:105,12,1,21
BRDA:135,13,0,0
BRDA:135,13,1,21
BRDA:135,14,0,0
BRDA:135,14,1,0
BRDA:140,15,0,0
BRDA:140,15,1,21
BRDA:143,16,0,1
BRDA:143,16,1,20
BRDA:143,17,0,21
BRDA:143,17,1,11
BRDA:151,18,0,0
BRDA:151,18,1,21
BRDA:154,19,0,20
BRDA:154,19,1,1
BRDA:161,20,0,10
BRDA:161,20,1,11
BRDA:161,21,0,21
BRDA:161,21,1,11
BRDA:164,22,0,21
BRDA:164,22,1,0
BRDA:169,23,0,10
BRDA:169,23,1,11
BRDA:169,24,0,21
BRDA:169,24,1,11
BRDA:178,25,0,0
BRDA:178,25,1,21
BRDA:186,26,0,0
BRDA:186,26,1,0
BRDA:189,27,0,0
BRDA:189,27,1,0
BRDA:190,28,0,0
BRDA:190,28,1,0
BRDA:198,29,0,0
BRDA:198,29,1,0
BRDA:205,30,0,0
BRDA:205,30,1,66
BRDA:206,31,0,0
BRDA:206,31,1,0
BRDA:243,32,0,11
BRDA:243,32,1,55
BRDA:250,33,0,1
BRDA:250,33,1,10
BRDA:262,34,0,0
BRDA:262,34,1,55
BRDA:291,35,0,0
BRDA:291,35,1,21
BRDA:299,36,0,21
BRDA:299,36,1,11
BRDA:313,37,0,0
BRDA:313,37,1,21
BRDA:314,38,0,0
BRDA:314,38,1,21
BRF:79
BRH:39
end_of_record
TN:
SF:client/src/components/Overview/Overview.jsx
FN:11,Overview
FN:22,changeActiveStyle
FN:31,getProductInfo
FN:41,(anonymous_3)
FN:42,(anonymous_4)
FN:45,getProductStyleInfo
FN:55,(anonymous_6)
FN:56,(anonymous_7)
FN:59,(anonymous_8)
FN:85,toggleExpandedView
FN:90,(anonymous_10)
FNF:11
FNH:8
FNDA:26,Overview
FNDA:1,changeActiveStyle
FNDA:10,getProductInfo
FNDA:10,(anonymous_3)
FNDA:0,(anonymous_4)
FNDA:10,getProductStyleInfo
FNDA:10,(anonymous_6)
FNDA:0,(anonymous_7)
FNDA:10,(anonymous_8)
FNDA:0,toggleExpandedView
FNDA:2,(anonymous_10)
DA:12,26
DA:13,26
DA:14,26
DA:15,26
DA:16,26
DA:18,26
DA:19,26
DA:24,1
DA:26,1
DA:27,1
DA:32,10
DA:41,10
DA:42,0
DA:46,10
DA:55,10
DA:56,0
DA:59,26
DA:60,10
DA:61,10
DA:62,10
DA:64,10
DA:65,10
DA:68,26
DA:76,26
DA:86,0
DA:89,26
DA:90,2
LF:27
LH:24
BRDA:77,0,0,0
BRDA:77,0,1,26
BRF:2
BRH:1
end_of_record
TN:
SF:client/src/components/Overview/ProductDescription.jsx
FN:3,ProductDescription
FN:25,(anonymous_1)
FNF:2
FNH:2
FNDA:21,ProductDescription
FNDA:27,(anonymous_1)
DA:4,21
DA:11,21
DA:26,27
LF:3
LH:3
BRDA:24,0,0,21
BRDA:24,0,1,12
BRF:2
BRH:2
end_of_record
TN:
SF:client/src/components/Overview/ProductDetails.jsx
FN:7,ProductDetails
FN:12,getProductReviewData
FN:22,(anonymous_2)
FN:23,(anonymous_3)
FN:26,avgStarRating
FN:38,(anonymous_5)
FN:42,(anonymous_6)
FN:48,priceGenerator
FN:83,(anonymous_8)
FNF:9
FNH:7
FNDA:22,ProductDetails
FNDA:10,getProductReviewData
FNDA:10,(anonymous_2)
FNDA:0,(anonymous_3)
FNDA:4,avgStarRating
FNDA:10,(anonymous_5)
FNDA:13,(anonymous_6)
FNDA:11,priceGenerator
FNDA:0,(anonymous_8)
DA:8,22
DA:9,22
DA:10,22
DA:13,10
DA:22,10
DA:23,0
DA:27,4
DA:28,4
DA:29,4
DA:30,4
DA:31,20
DA:32,20
DA:34,4
DA:35,4
DA:38,22
DA:39,10
DA:42,22
DA:43,13
DA:44,4
DA:49,11
DA:50,0
DA:61,11
DA:64,22
DA:71,22
DA:84,0
LF:25
LH:22
BRDA:43,0,0,4
BRDA:43,0,1,9
BRDA:49,1,0,0
BRDA:49,1,1,11
BRDA:79,2,0,7
BRDA:79,2,1,15
BRDA:89,3,0,22
BRDA:89,3,1,7
BRDA:96,4,0,22
BRDA:96,4,1,22
BRDA:96,4,2,11
BRF:11
BRH:10
end_of_record
TN:
SF:client/src/components/Overview/PurchaseOptions.jsx
FN:18,PurchaseOptions
FN:27,(anonymous_1)
FN:28,(anonymous_2)
FN:36,changeSelectedSize
FN:40,optionGenerator
FN:52,(anonymous_5)
FN:57,quantitySelector
FN:76,(anonymous_7)
FN:112,sizeDropdown
FN:143,completePurchase
FN:157,(anonymous_10)
FN:173,(anonymous_11)
FN:174,(anonymous_12)
FN:178,(anonymous_13)
FN:185,(anonymous_14)
FNF:15
FNH:9
FNDA:21,PurchaseOptions
FNDA:21,(anonymous_1)
FNDA:11,(anonymous_2)
FNDA:1,changeSelectedSize
FNDA:11,optionGenerator
FNDA:65,(anonymous_5)
FNDA:11,quantitySelector
FNDA:8,(anonymous_7)
FNDA:11,sizeDropdown
FNDA:0,completePurchase
FNDA:0,(anonymous_10)
FNDA:0,(anonymous_11)
FNDA:0,(anonymous_12)
FNDA:0,(anonymous_13)
FNDA:0,(anonymous_14)
DA:22,21
DA:23,21
DA:24,21
DA:27,21
DA:29,11
DA:30,11
DA:37,1
DA:41,11
DA:42,11
DA:43,11
DA:44,66
DA:45,65
DA:48,11
DA:49,1
DA:50,1
DA:52,10
DA:53,65
DA:58,11
DA:59,10
DA:61,1
DA:62,1
DA:63,1
DA:64,0
DA:65,0
DA:68,1
DA:69,1
DA:73,8
DA:76,8
DA:80,21
DA:89,21
DA:102,21
DA:113,11
DA:114,11
DA:115,1
DA:116,1
DA:128,10
DA:129,10
DA:144,0
DA:157,0
DA:158,0
DA:170,0
DA:171,0
DA:172,0
DA:174,0
DA:179,0
DA:182,0
DA:183,0
DA:185,0
DA:188,21
LF:49
LH:36
BRDA:30,0,0,2
BRDA:30,0,1,9
BRDA:44,1,0,65
BRDA:44,1,1,1
BRDA:48,2,0,1
BRDA:48,2,1,10
BRDA:58,3,0,10
BRDA:58,3,1,1
BRDA:58,4,0,11
BRDA:58,4,1,1
BRDA:62,5,0,1
BRDA:62,5,1,0
BRDA:63,6,0,0
BRDA:63,6,1,1
BRDA:114,7,0,1
BRDA:114,7,1,10
BRDA:191,8,0,21
BRDA:191,8,1,11
BRDA:192,9,0,21
BRDA:192,9,1,11
BRDA:193,10,0,10
BRDA:193,10,1,1
BRDA:193,11,0,11
BRDA:193,11,1,1
BRDA:195,12,0,10
BRDA:195,12,1,10
BRDA:199,13,0,1
BRDA:199,13,1,1
BRDA:203,14,0,0
BRDA:203,14,1,21
BRF:30
BRH:27
end_of_record
TN:
SF:client/src/components/Overview/StyleSelector.jsx
FN:4,StyleSelector
FN:50,(anonymous_1)
FNF:2
FNH:2
FNDA:20,StyleSelector
FNDA:79,(anonymous_1)
DA:10,20
DA:22,20
DA:31,20
DA:39,20
DA:40,20
DA:51,79
DA:52,79
DA:53,10
DA:71,69
LF:9
LH:9
BRDA:46,0,0,20
BRDA:46,0,1,10
BRDA:49,1,0,20
BRDA:49,1,1,10
BRDA:52,2,0,10
BRDA:52,2,1,69
BRDA:58,3,0,1
BRDA:58,3,1,9
BRDA:76,4,0,3
BRDA:76,4,1,66
BRF:10
BRH:10
end_of_record
TN:
SF:client/src/components/QuestionsAndAnswers/AddAQuestion.jsx
FN:15,AddAQuestion
FN:29,(anonymous_1)
FNF:2
FNH:1
FNDA:4,AddAQuestion
FNDA:0,(anonymous_1)
DA:4,2
DA:16,4
DA:17,4
DA:18,0
DA:25,4
DA:29,0
LF:6
LH:4
BRDA:17,0,0,0
BRDA:17,0,1,4
BRF:2
BRH:1
end_of_record
TN:
SF:client/src/components/QuestionsAndAnswers/AddAQuestionModal.jsx
FN:14,AddAQuestionModal
FN:71,(anonymous_1)
FN:77,(anonymous_2)
FNF:3
FNH:0
FNDA:0,AddAQuestionModal
FNDA:0,(anonymous_1)
FNDA:0,(anonymous_2)
DA:5,2
DA:15,0
DA:16,0
DA:71,0
DA:77,0
LF:5
LH:1
BRF:0
BRH:0
end_of_record
TN:
SF:client/src/components/QuestionsAndAnswers/AddAnswer.jsx
FN:3,AddAnswer
FNF:1
FNH:1
FNDA:2,AddAnswer
DA:4,2
DA:12,2
LF:2
LH:2
BRF:0
BRH:0
end_of_record
TN:
SF:client/src/components/QuestionsAndAnswers/AnswerInfo.jsx
FN:13,AnswerInfo
FNF:1
FNH:1
FNDA:2,AnswerInfo
DA:7,2
DA:14,2
DA:15,2
DA:16,2
DA:17,2
LF:5
LH:5
BRF:0
BRH:0
end_of_record
TN:
SF:client/src/components/QuestionsAndAnswers/AnswerList.jsx
FN:6,AnswerList
FN:39,(anonymous_1)
FN:62,(anonymous_2)
FNF:3
FNH:2
FNDA:2,AnswerList
FNDA:18,(anonymous_1)
FNDA:0,(anonymous_2)
DA:7,2
DA:8,2
DA:10,2
DA:21,2
DA:22,0
DA:26,2
DA:27,0
DA:28,0
DA:37,2
DA:40,18
DA:41,18
DA:42,18
DA:43,2
DA:50,16
DA:52,0
DA:62,0
LF:16
LH:11
BRDA:21,0,0,0
BRDA:21,0,1,2
BRDA:26,1,0,0
BRDA:26,1,1,2
BRDA:41,2,0,18
BRDA:41,2,1,0
BRDA:42,3,0,2
BRDA:42,3,1,16
BRDA:64,4,0,2
BRDA:64,4,1,0
BRF:10
BRH:6
end_of_record
TN:
SF:client/src/components/QuestionsAndAnswers/AnswerListEntry.jsx
FN:13,AnswerListEntry
FNF:1
FNH:1
FNDA:2,AnswerListEntry
DA:7,2
DA:14,2
DA:15,2
LF:3
LH:3
BRDA:22,0,0,0
BRDA:22,0,1,2
BRF:2
BRH:1
end_of_record
TN:
SF:client/src/components/QuestionsAndAnswers/AnswerPictureList.jsx
FN:6,AnswerPictureList
FN:9,(anonymous_1)
FNF:2
FNH:2
FNDA:2,AnswerPictureList
FNDA:4,(anonymous_1)
DA:7,2
DA:10,4
LF:2
LH:2
BRDA:9,0,0,2
BRDA:9,0,1,2
BRF:2
BRH:2
end_of_record
TN:
SF:client/src/components/QuestionsAndAnswers/AnswerPictureListComponent.jsx
FN:5,AnswerPictureListComponent
FNF:1
FNH:1
FNDA:2,AnswerPictureListComponent
DA:6,2
DA:7,2
DA:8,2
LF:3
LH:3
BRDA:7,0,0,2
BRDA:7,0,1,0
BRF:2
BRH:1
end_of_record
TN:
SF:client/src/components/QuestionsAndAnswers/AnswerPictureListEntry.jsx
FN:3,AnswerPictureListEntry
FNF:1
FNH:1
FNDA:4,AnswerPictureListEntry
DA:4,4
DA:9,4
LF:2
LH:2
BRF:0
BRH:0
end_of_record
TN:
SF:client/src/components/QuestionsAndAnswers/HelpfulButton.jsx
FN:3,HelpfulButton
FNF:1
FNH:1
FNDA:2,HelpfulButton
DA:4,2
DA:11,2
LF:2
LH:2
BRF:0
BRH:0
end_of_record
TN:
SF:client/src/components/QuestionsAndAnswers/HelpfulQuestionButton.jsx
FN:3,HelpfulQuestionButton
FNF:1
FNH:1
FNDA:2,HelpfulQuestionButton
DA:4,2
DA:12,2
LF:2
LH:2
BRF:0
BRH:0
end_of_record
TN:
SF:client/src/components/QuestionsAndAnswers/MoreAnsweredQuestions.jsx
FN:16,MoreAnsweredQuestions
FNF:1
FNH:1
FNDA:4,MoreAnsweredQuestions
DA:5,2
DA:17,4
LF:2
LH:2
BRF:0
BRH:0
end_of_record
TN:
SF:client/src/components/QuestionsAndAnswers/Question.jsx
FN:4,Question
FNF:1
FNH:1
FNDA:2,Question
DA:5,2
LF:1
LH:1
BRF:0
BRH:0
end_of_record
TN:
SF:client/src/components/QuestionsAndAnswers/QuestionListEntry.jsx
FN:13,QuestionListEntry
FNF:1
FNH:1
FNDA:2,QuestionListEntry
DA:9,2
DA:14,2
DA:15,2
DA:16,2
DA:18,2
LF:5
LH:5
BRF:0
BRH:0
end_of_record
TN:
SF:client/src/components/QuestionsAndAnswers/QuestionsAndAnswers.jsx
FN:24,QuestionsAndAnswers
FN:28,getQuestionsAndAnswers
FN:35,(anonymous_2)
FN:38,(anonymous_3)
FN:40,(anonymous_4)
FNF:5
FNH:4
FNDA:4,QuestionsAndAnswers
FNDA:2,getQuestionsAndAnswers
FNDA:2,(anonymous_2)
FNDA:0,(anonymous_3)
FNDA:2,(anonymous_4)
DA:12,2
DA:16,2
DA:20,2
DA:25,4
DA:26,4
DA:29,2
DA:36,2
DA:38,0
DA:40,4
DA:41,2
DA:44,4
LF:11
LH:10
BRF:0
BRH:0
end_of_record
TN:
SF:client/src/components/QuestionsAndAnswers/QuestionsList.jsx
FN:7,QuestionsList
FN:23,(anonymous_1)
FN:24,(anonymous_2)
FNF:3
FNH:2
FNDA:4,QuestionsList
FNDA:0,(anonymous_1)
FNDA:2,(anonymous_2)
DA:8,4
DA:10,4
DA:17,4
DA:23,0
DA:25,2
DA:26,2
DA:33,0
LF:7
LH:5
BRDA:7,0,0,0
BRDA:8,1,0,4
BRDA:8,1,1,4
BRDA:22,2,0,4
BRDA:22,2,1,4
BRDA:25,3,0,2
BRDA:25,3,1,0
BRF:7
BRH:5
end_of_record
TN:
SF:client/src/components/QuestionsAndAnswers/QuestionsSearch.jsx
FN:36,QuestionsSearch
FN:42,(anonymous_1)
FNF:2
FNH:1
FNDA:4,QuestionsSearch
FNDA:0,(anonymous_1)
DA:5,2
DA:15,2
DA:26,2
DA:37,4
DA:38,4
DA:42,0
LF:6
LH:5
BRF:0
BRH:0
end_of_record
TN:
SF:client/src/components/QuestionsAndAnswers/ReportAnswerButton.jsx
FN:3,ReportAnswerButton
FNF:1
FNH:1
FNDA:2,ReportAnswerButton
DA:4,2
DA:11,2
LF:2
LH:2
BRF:0
BRH:0
end_of_record
TN:
SF:client/src/components/RatingsAndReviews/AddReview.jsx
FN:60,AddReview
FN:75,starRater
FN:89,recommendSetter
FN:93,validateSubmit
FN:98,(anonymous_4)
FN:106,characteristicCreater
FN:107,(anonymous_6)
FN:119,submitForm
FN:147,(anonymous_8)
FN:148,(anonymous_9)
FN:154,cloudinaryLoad
FN:163,(anonymous_11)
FN:164,(anonymous_12)
FN:167,(anonymous_13)
FN:175,(anonymous_14)
FN:185,(anonymous_15)
FN:193,(anonymous_16)
FN:201,(anonymous_17)
FN:209,(anonymous_18)
FN:217,(anonymous_19)
FN:225,(anonymous_20)
FN:236,(anonymous_21)
FN:239,(anonymous_22)
FN:243,(anonymous_23)
FN:244,(anonymous_24)
FN:248,(anonymous_25)
FN:253,(anonymous_26)
FN:257,(anonymous_27)
FNF:28
FNH:2
FNDA:2,AddReview
FNDA:2,starRater
FNDA:0,recommendSetter
FNDA:0,validateSubmit
FNDA:0,(anonymous_4)
FNDA:0,characteristicCreater
FNDA:0,(anonymous_6)
FNDA:0,submitForm
FNDA:0,(anonymous_8)
FNDA:0,(anonymous_9)
FNDA:0,cloudinaryLoad
FNDA:0,(anonymous_11)
FNDA:0,(anonymous_12)
FNDA:0,(anonymous_13)
FNDA:0,(anonymous_14)
FNDA:0,(anonymous_15)
FNDA:0,(anonymous_16)
FNDA:0,(anonymous_17)
FNDA:0,(anonymous_18)
FNDA:0,(anonymous_19)
FNDA:0,(anonymous_20)
FNDA:0,(anonymous_21)
FNDA:0,(anonymous_22)
FNDA:0,(anonymous_23)
FNDA:0,(anonymous_24)
FNDA:0,(anonymous_25)
FNDA:0,(anonymous_26)
FNDA:0,(anonymous_27)
DA:21,2
DA:33,2
DA:38,2
DA:48,2
DA:61,2
DA:62,2
DA:63,2
DA:64,2
DA:65,2
DA:66,2
DA:67,2
DA:68,2
DA:69,2
DA:70,2
DA:71,2
DA:72,2
DA:73,2
DA:76,2
DA:77,0
DA:78,2
DA:79,0
DA:80,2
DA:81,0
DA:82,2
DA:83,0
DA:84,2
DA:85,0
DA:87,2
DA:90,0
DA:94,0
DA:95,0
DA:96,0
DA:98,0
DA:99,0
DA:100,0
DA:101,0
DA:103,0
DA:107,0
DA:108,0
DA:111,0
DA:112,0
DA:113,0
DA:114,0
DA:117,0
DA:120,0
DA:121,0
DA:123,0
DA:124,0
DA:136,0
DA:146,0
DA:147,0
DA:148,0
DA:150,0
DA:155,0
DA:156,0
DA:157,0
DA:158,0
DA:159,0
DA:163,0
DA:165,0
DA:167,0
DA:170,2
DA:175,0
DA:185,0
DA:193,0
DA:201,0
DA:209,0
DA:217,0
DA:225,0
DA:236,0
DA:239,0
DA:243,0
DA:244,0
DA:248,0
DA:253,0
DA:257,0
LF:76
LH:24
BRDA:76,0,0,0
BRDA:76,0,1,2
BRDA:78,1,0,0
BRDA:78,1,1,2
BRDA:80,2,0,0
BRDA:80,2,1,2
BRDA:82,3,0,0
BRDA:82,3,1,2
BRDA:84,4,0,0
BRDA:84,4,1,2
BRDA:90,5,0,0
BRDA:90,5,1,0
BRDA:94,6,0,0
BRDA:94,6,1,0
BRDA:99,7,0,0
BRDA:99,7,1,0
BRDA:99,8,0,0
BRDA:99,8,1,0
BRDA:113,9,0,0
BRDA:113,9,1,0
BRDA:123,10,0,0
BRDA:123,10,1,0
BRDA:132,11,0,0
BRDA:132,11,1,0
BRDA:185,12,0,0
BRDA:185,12,1,2
BRDA:193,13,0,0
BRDA:193,13,1,2
BRDA:201,14,0,2
BRDA:201,14,1,0
BRDA:209,15,0,0
BRDA:209,15,1,2
BRDA:217,16,0,0
BRDA:217,16,1,2
BRDA:225,17,0,2
BRDA:225,17,1,0
BRDA:240,18,0,2
BRDA:240,18,1,0
BRDA:242,19,0,2
BRDA:242,19,1,0
BRDA:243,20,0,2
BRDA:243,20,1,0
BRDA:244,21,0,0
BRDA:244,21,1,2
BRF:44
BRH:15
end_of_record
TN:
SF:client/src/components/RatingsAndReviews/AverageStar.jsx
FN:18,AverageStar
FN:21,getAverageStars
FN:33,(anonymous_2)
FNF:3
FNH:3
FNDA:6,AverageStar
FNDA:6,getAverageStars
FNDA:4,(anonymous_2)
DA:12,2
DA:19,6
DA:22,6
DA:23,6
DA:24,6
DA:25,6
DA:26,30
DA:27,30
DA:30,6
DA:31,6
DA:33,6
DA:34,4
DA:35,2
DA:36,2
DA:40,6
DA:41,4
LF:16
LH:16
BRDA:34,0,0,2
BRDA:34,0,1,2
BRDA:40,1,0,4
BRDA:40,1,1,2
BRDA:43,2,0,4
BRDA:43,2,1,0
BRDA:44,3,0,4
BRDA:44,3,1,0
BRF:8
BRH:6
end_of_record
TN:
SF:client/src/components/RatingsAndReviews/PercentRecommend.jsx
FN:18,PercentRecommend
FN:19,determineTotalPercentage
FNF:2
FNH:2
FNDA:6,PercentRecommend
FNDA:3,determineTotalPercentage
DA:12,2
DA:20,3
DA:21,3
DA:22,3
DA:23,6
DA:24,6
DA:25,3
DA:28,3
DA:29,3
DA:32,6
LF:10
LH:10
BRDA:24,0,0,3
BRDA:24,0,1,3
BRDA:34,1,0,3
BRDA:34,1,1,3
BRF:4
BRH:4
end_of_record
TN:
SF:client/src/components/RatingsAndReviews/ProductBreakdown.jsx
FN:58,ProductBreakdown
FN:59,pixelMarginDeterminer
FNF:2
FNH:2
FNDA:7,ProductBreakdown
FNDA:3,pixelMarginDeterminer
DA:10,2
DA:20,2
DA:27,2
DA:33,2
DA:39,2
DA:46,2
DA:53,2
DA:60,3
DA:61,3
DA:62,12
DA:63,12
DA:64,12
DA:66,3
DA:69,7
DA:70,3
DA:71,3
LF:16
LH:16
BRDA:69,0,0,3
BRDA:69,0,1,4
BRDA:73,1,0,3
BRDA:73,1,1,0
BRDA:74,2,0,2
BRDA:74,2,1,1
BRDA:75,3,0,2
BRDA:75,3,1,1
BRDA:76,4,0,3
BRDA:76,4,1,0
BRDA:77,5,0,1
BRDA:77,5,1,2
BRDA:78,6,0,1
BRDA:78,6,1,2
BRF:14
BRH:12
end_of_record
TN:
SF:client/src/components/RatingsAndReviews/RatingBreakdown.jsx
FN:12,RatingBreakdown
FN:15,getMetaData
FN:24,(anonymous_2)
FN:28,(anonymous_3)
FN:33,(anonymous_4)
FNF:5
FNH:4
FNDA:5,RatingBreakdown
FNDA:3,getMetaData
FNDA:3,(anonymous_2)
FNDA:0,(anonymous_3)
FNDA:3,(anonymous_4)
DA:13,5
DA:16,3
DA:23,3
DA:25,3
DA:26,3
DA:29,0
DA:33,5
DA:34,3
DA:37,5
LF:9
LH:8
BRF:0
BRH:0
end_of_record
TN:
SF:client/src/components/RatingsAndReviews/RatingsAndReviews.jsx
FN:35,RatingsAndReviews
FN:40,(anonymous_1)
FNF:2
FNH:1
FNDA:5,RatingsAndReviews
FNDA:0,(anonymous_1)
DA:15,2
DA:21,2
DA:26,2
DA:32,2
DA:36,5
DA:37,5
DA:39,5
DA:40,0
LF:8
LH:7
BRF:0
BRH:0
end_of_record
TN:
SF:client/src/components/RatingsAndReviews/ReviewList.jsx
FN:40,ReviewList
FN:48,getReviewInfo
FN:57,(anonymous_2)
FN:62,(anonymous_3)
FN:65,(anonymous_4)
FN:69,incrementReviews
FN:84,addReviewHandler
FN:99,(anonymous_7)
FNF:8
FNH:6
FNDA:14,ReviewList
FNDA:6,getReviewInfo
FNDA:6,(anonymous_2)
FNDA:0,(anonymous_3)
FNDA:6,(anonymous_4)
FNDA:2,incrementReviews
FNDA:0,addReviewHandler
FNDA:22,(anonymous_7)
DA:18,2
DA:28,2
DA:41,14
DA:42,14
DA:43,14
DA:44,14
DA:45,14
DA:46,14
DA:49,6
DA:56,6
DA:58,6
DA:59,6
DA:60,6
DA:62,0
DA:65,14
DA:66,6
DA:70,2
DA:71,2
DA:74,14
DA:75,7
DA:76,0
DA:77,0
DA:78,0
DA:79,0
DA:80,0
DA:85,0
DA:88,14
DA:89,0
DA:95,14
DA:96,14
DA:99,22
LF:31
LH:23
BRDA:74,0,0,7
BRDA:74,0,1,7
BRDA:75,1,0,0
BRDA:75,1,1,7
BRDA:88,2,0,0
BRDA:88,2,1,14
BRDA:95,3,0,14
BRDA:95,3,1,0
BRDA:100,4,0,6
BRDA:100,4,1,8
BRF:10
BRH:7
end_of_record
TN:
SF:client/src/components/RatingsAndReviews/SingleReviewTile.jsx
FN:42,SingleReviewTile
FN:48,dateSetter
FN:57,imageSetter
FN:64,(anonymous_3)
FN:70,helpfulApi
FN:78,(anonymous_5)
FN:79,(anonymous_6)
FN:81,reportApi
FN:89,(anonymous_8)
FN:90,(anonymous_9)
FN:98,(anonymous_10)
FN:99,(anonymous_11)
FN:99,(anonymous_12)
FN:103,(anonymous_13)
FN:104,(anonymous_14)
FNF:15
FNH:3
FNDA:22,SingleReviewTile
FNDA:22,dateSetter
FNDA:0,imageSetter
FNDA:0,(anonymous_3)
FNDA:0,helpfulApi
FNDA:0,(anonymous_5)
FNDA:0,(anonymous_6)
FNDA:0,reportApi
FNDA:0,(anonymous_8)
FNDA:0,(anonymous_9)
FNDA:0,(anonymous_10)
FNDA:39,(anonymous_11)
FNDA:0,(anonymous_12)
FNDA:0,(anonymous_13)
FNDA:0,(anonymous_14)
DA:15,2
DA:21,2
DA:30,2
DA:43,22
DA:44,22
DA:45,22
DA:46,22
DA:49,22
DA:50,22
DA:51,22
DA:52,22
DA:54,0
DA:58,0
DA:59,0
DA:62,22
DA:63,0
DA:64,0
DA:71,0
DA:77,0
DA:78,0
DA:79,0
DA:82,0
DA:88,0
DA:89,0
DA:90,0
DA:92,22
DA:98,0
DA:99,39
DA:103,0
DA:104,0
LF:30
LH:14
BRDA:49,0,0,22
BRDA:49,0,1,0
BRDA:62,1,0,0
BRDA:62,1,1,22
BRDA:96,2,0,17
BRDA:96,2,1,5
BRDA:98,3,0,1
BRDA:98,3,1,21
BRDA:98,4,0,22
BRDA:98,4,1,1
BRDA:99,5,0,12
BRDA:99,5,1,10
BRDA:100,6,0,17
BRDA:100,6,1,5
BRDA:101,7,0,0
BRDA:101,7,1,22
BRDA:102,8,0,22
BRDA:102,8,1,0
BRDA:107,9,0,0
BRDA:107,9,1,22
BRDA:108,10,0,0
BRDA:108,10,1,22
BRF:22
BRH:16
end_of_record
TN:
SF:client/src/components/RatingsAndReviews/SortRelevance.jsx
FN:10,SortRelevance
FN:11,sortByChange
FN:14,(anonymous_2)
FN:19,(anonymous_3)
FN:24,(anonymous_4)
FNF:5
FNH:1
FNDA:14,SortRelevance
FNDA:0,sortByChange
FNDA:0,(anonymous_2)
FNDA:0,(anonymous_3)
FNDA:0,(anonymous_4)
DA:12,0
DA:13,0
DA:14,0
DA:15,0
DA:16,0
DA:17,0
DA:18,0
DA:19,0
DA:20,0
DA:21,0
DA:22,0
DA:23,0
DA:24,0
DA:25,0
DA:26,0
DA:27,0
DA:30,14
DA:31,14
LF:18
LH:2
BRDA:13,0,0,0
BRDA:13,0,1,0
BRDA:14,1,0,0
BRDA:14,1,1,0
BRDA:14,2,0,0
BRDA:14,2,1,0
BRDA:18,3,0,0
BRDA:18,3,1,0
BRDA:19,4,0,0
BRDA:19,4,1,0
BRDA:19,5,0,0
BRDA:19,5,1,0
BRDA:23,6,0,0
BRDA:23,6,1,0
BRDA:24,7,0,0
BRDA:24,7,1,0
BRDA:24,8,0,0
BRDA:24,8,1,0
BRDA:24,9,0,0
BRDA:24,9,1,0
BRDA:24,10,0,0
BRDA:24,10,1,0
BRDA:24,11,0,0
BRDA:24,11,1,0
BRDA:30,12,0,14
BRDA:30,12,1,0
BRF:26
BRH:1
end_of_record
TN:
SF:client/src/components/RatingsAndReviews/StarBreakDown.jsx
FN:25,(anonymous_0)
FN:29,StarBreakDown
FN:33,onStarClick
FN:44,resetFilters
FN:48,totalRatingsCounter
FN:59,(anonymous_5)
FN:68,(anonymous_6)
FN:68,(anonymous_7)
FN:69,(anonymous_8)
FN:69,(anonymous_9)
FN:70,(anonymous_10)
FN:70,(anonymous_11)
FN:71,(anonymous_12)
FN:71,(anonymous_13)
FN:72,(anonymous_14)
FN:72,(anonymous_15)
FNF:16
FNH:4
FNDA:20,(anonymous_0)
FNDA:6,StarBreakDown
FNDA:0,onStarClick
FNDA:0,resetFilters
FNDA:2,totalRatingsCounter
FNDA:4,(anonymous_5)
FNDA:0,(anonymous_6)
FNDA:0,(anonymous_7)
FNDA:0,(anonymous_8)
FNDA:0,(anonymous_9)
FNDA:0,(anonymous_10)
FNDA:0,(anonymous_11)
FNDA:0,(anonymous_12)
FNDA:0,(anonymous_13)
FNDA:0,(anonymous_14)
FNDA:0,(anonymous_15)
DA:13,2
DA:18,2
DA:23,2
DA:25,20
DA:30,6
DA:31,6
DA:34,0
DA:35,0
DA:36,0
DA:38,0
DA:39,0
DA:40,0
DA:41,0
DA:45,0
DA:49,2
DA:50,2
DA:51,2
DA:52,10
DA:53,7
DA:56,2
DA:59,6
DA:60,4
DA:61,2
DA:65,6
DA:66,4
DA:68,0
DA:69,0
DA:70,0
DA:71,0
DA:72,0
LF:30
LH:17
BRDA:35,0,0,0
BRDA:35,0,1,0
BRDA:38,1,0,0
BRDA:38,1,1,0
BRDA:52,2,0,7
BRDA:52,2,1,3
BRDA:60,3,0,2
BRDA:60,3,1,2
BRDA:65,4,0,4
BRDA:65,4,1,2
BRDA:73,5,0,0
BRDA:73,5,1,4
BRF:12
BRH:7
end_of_record
TN:
SF:client/src/components/RatingsAndReviews/StarFilter.jsx
FN:11,StarFilter
FNF:1
FNH:1
FNDA:1,StarFilter
DA:12,1
DA:13,1
DA:14,2
DA:15,2
DA:18,1
DA:19,0
DA:21,1
LF:7
LH:6
BRDA:14,0,0,2
BRDA:14,0,1,0
BRDA:18,1,0,0
BRDA:18,1,1,1
BRF:4
BRH:2
end_of_record
TN:
SF:client/src/components/RelatedItemsAndComparison/RelatedItemsAndComparison.jsx
FN:12,RelatedItemsAndComparison
FN:16,getRelatedItems
FN:21,(anonymous_2)
FN:23,(anonymous_3)
FN:26,(anonymous_4)
FN:35,(anonymous_5)
FNF:6
FNH:4
FNDA:8,RelatedItemsAndComparison
FNDA:5,getRelatedItems
FNDA:5,(anonymous_2)
FNDA:0,(anonymous_3)
FNDA:5,(anonymous_4)
FNDA:0,(anonymous_5)
DA:13,8
DA:17,5
DA:22,5
DA:23,0
DA:26,7
DA:27,5
DA:34,7
DA:35,0
DA:47,3
LF:9
LH:7
BRF:0
BRH:0
end_of_record
TN:
SF:client/src/components/RelatedItemsAndComparison/Outfit/addoutfit.jsx
FN:7,AddOutfit
FN:11,(anonymous_1)
FN:27,(anonymous_2)
FN:33,(anonymous_3)
FN:36,(anonymous_4)
FN:41,(anonymous_5)
FN:47,(anonymous_6)
FN:52,(anonymous_7)
FNF:8
FNH:3
FNDA:11,AddOutfit
FNDA:0,(anonymous_1)
FNDA:4,(anonymous_2)
FNDA:0,(anonymous_3)
FNDA:0,(anonymous_4)
FNDA:4,(anonymous_5)
FNDA:0,(anonymous_6)
FNDA:0,(anonymous_7)
DA:9,11
DA:11,11
DA:12,0
DA:13,0
DA:14,0
DA:15,0
DA:16,0
DA:17,0
DA:19,0
DA:20,0
DA:21,0
DA:22,0
DA:27,11
DA:28,4
DA:29,4
DA:30,4
DA:33,11
DA:34,0
DA:35,0
DA:36,0
DA:37,0
DA:38,0
DA:41,11
DA:42,4
DA:45,11
DA:47,0
DA:53,0
DA:68,3
DA:81,3
LF:29
LH:12
BRDA:14,0,0,0
BRDA:14,0,1,0
BRDA:19,1,0,0
BRDA:19,1,1,0
BRDA:52,2,0,11
BRDA:52,2,1,4
BRF:6
BRH:2
end_of_record
TN:
SF:client/src/components/RelatedItemsAndComparison/Outfit/outfit.jsx
FN:7,Outfit
FN:11,(anonymous_1)
FN:19,(anonymous_2)
FNF:3
FNH:1
FNDA:7,Outfit
FNDA:0,(anonymous_1)
FNDA:0,(anonymous_2)
DA:8,7
DA:9,7
DA:11,7
DA:12,0
DA:13,0
DA:14,0
DA:15,0
DA:16,0
DA:19,7
DA:20,0
DA:21,0
DA:22,0
DA:23,0
DA:24,0
DA:27,7
DA:49,3
DA:56,3
DA:70,3
DA:78,3
DA:84,3
DA:92,3
LF:21
LH:11
BRDA:15,0,0,0
BRDA:15,0,1,0
BRDA:23,1,0,0
BRDA:23,1,1,0
BRDA:30,2,0,0
BRDA:30,2,1,7
BRDA:42,3,0,7
BRDA:42,3,1,0
BRF:8
BRH:2
end_of_record
TN:
SF:client/src/components/RelatedItemsAndComparison/Outfit/outfitcard.jsx
FN:11,OutfitCard
FN:19,averageReviews
FN:31,getStyles
FN:36,(anonymous_3)
FN:38,(anonymous_4)
FN:43,getProductInfo
FN:48,(anonymous_6)
FN:50,(anonymous_7)
FN:55,getReviews
FN:63,(anonymous_9)
FN:65,(anonymous_10)
FN:70,(anonymous_11)
FN:76,(anonymous_12)
FN:97,(anonymous_13)
FN:98,(anonymous_14)
FNF:15
FNH:9
FNDA:4,OutfitCard
FNDA:1,averageReviews
FNDA:1,getStyles
FNDA:1,(anonymous_3)
FNDA:0,(anonymous_4)
FNDA:1,getProductInfo
FNDA:1,(anonymous_6)
FNDA:0,(anonymous_7)
FNDA:1,getReviews
FNDA:1,(anonymous_9)
FNDA:0,(anonymous_10)
FNDA:1,(anonymous_11)
FNDA:0,(anonymous_12)
FNDA:0,(anonymous_13)
FNDA:0,(anonymous_14)
DA:12,4
DA:13,4
DA:14,4
DA:20,1
DA:21,1
DA:22,1
DA:23,5
DA:24,5
DA:26,1
DA:32,1
DA:37,1
DA:39,0
DA:44,1
DA:49,1
DA:51,0
DA:56,1
DA:64,1
DA:66,0
DA:70,4
DA:71,1
DA:72,1
DA:73,1
DA:76,4
DA:82,4
DA:83,0
DA:90,4
DA:93,4
DA:94,1
DA:97,0
DA:98,0
DA:107,3
DA:110,3
DA:126,3
DA:129,3
DA:133,3
DA:138,3
LF:36
LH:30
BRDA:82,0,0,0
BRDA:82,0,1,4
BRDA:93,1,0,1
BRDA:93,1,1,3
BRDA:93,2,0,4
BRDA:93,2,1,1
BRDA:97,3,0,0
BRDA:97,3,1,1
BRDA:103,4,0,1
BRDA:103,4,1,1
BRF:10
BRH:8
end_of_record
TN:
SF:client/src/components/RelatedItemsAndComparison/Relateditems/itemcard.jsx
FN:13,ItemCard
FN:23,averageReviews
FN:35,getStyles
FN:40,(anonymous_3)
FN:42,(anonymous_4)
FN:47,getProductInfo
FN:52,(anonymous_6)
FN:54,(anonymous_7)
FN:59,getReviews
FN:67,(anonymous_9)
FN:69,(anonymous_10)
FN:75,(anonymous_11)
FN:81,(anonymous_12)
FN:89,(anonymous_13)
FN:92,(anonymous_14)
FN:96,(anonymous_15)
FN:123,(anonymous_16)
FN:123,(anonymous_17)
FN:124,(anonymous_18)
FN:126,(anonymous_19)
FN:128,(anonymous_20)
FNF:21
FNH:9
FNDA:35,ItemCard
FNDA:11,averageReviews
FNDA:15,getStyles
FNDA:11,(anonymous_3)
FNDA:0,(anonymous_4)
FNDA:15,getProductInfo
FNDA:11,(anonymous_6)
FNDA:0,(anonymous_7)
FNDA:15,getReviews
FNDA:11,(anonymous_9)
FNDA:0,(anonymous_10)
FNDA:0,(anonymous_11)
FNDA:0,(anonymous_12)
FNDA:0,(anonymous_13)
FNDA:0,(anonymous_14)
FNDA:15,(anonymous_15)
FNDA:0,(anonymous_16)
FNDA:0,(anonymous_17)
FNDA:0,(anonymous_18)
FNDA:0,(anonymous_19)
FNDA:0,(anonymous_20)
DA:14,35
DA:15,33
DA:16,33
DA:17,33
DA:18,33
DA:19,33
DA:24,11
DA:25,11
DA:26,11
DA:27,54
DA:28,54
DA:30,11
DA:36,15
DA:41,11
DA:43,0
DA:48,15
DA:53,11
DA:55,0
DA:60,15
DA:68,11
DA:70,0
DA:75,33
DA:76,0
DA:77,0
DA:81,33
DA:82,0
DA:83,0
DA:89,33
DA:90,0
DA:92,33
DA:93,0
DA:96,33
DA:97,15
DA:98,15
DA:99,15
DA:106,33
DA:107,0
DA:114,33
DA:117,33
DA:118,10
DA:123,0
DA:124,0
DA:127,0
DA:128,0
DA:144,23
DA:147,3
DA:160,3
DA:164,3
DA:168,3
DA:173,3
DA:183,3
DA:193,3
DA:207,3
DA:220,3
LF:54
LH:40
BRDA:76,0,0,0
BRDA:76,0,1,0
BRDA:82,1,0,0
BRDA:82,1,1,0
BRDA:106,2,0,0
BRDA:106,2,1,33
BRDA:117,3,0,10
BRDA:117,3,1,23
BRDA:117,4,0,33
BRDA:117,4,1,12
BRDA:121,5,0,10
BRDA:121,5,1,0
BRDA:122,6,0,10
BRDA:122,6,1,0
BRDA:123,7,0,5
BRDA:123,7,1,5
BRDA:125,8,0,0
BRDA:125,8,1,10
BRDA:126,9,0,0
BRDA:126,9,1,0
BRDA:139,10,0,10
BRDA:139,10,1,8
BRDA:140,11,0,10
BRDA:140,11,1,0
BRF:24
BRH:13
end_of_record
TN:
SF:client/src/components/RelatedItemsAndComparison/Relateditems/relateditems.jsx
FN:7,RelatedItems
FN:12,(anonymous_1)
FN:20,(anonymous_2)
FN:28,(anonymous_3)
FNF:4
FNH:2
FNDA:8,RelatedItems
FNDA:0,(anonymous_1)
FNDA:0,(anonymous_2)
FNDA:20,(anonymous_3)
DA:9,8
DA:10,8
DA:12,8
DA:13,0
DA:14,0
DA:15,0
DA:16,0
DA:17,0
DA:20,8
DA:21,0
DA:22,0
DA:23,0
DA:24,0
DA:25,0
DA:28,8
DA:29,20
DA:39,8
DA:58,3
DA:67,3
DA:80,3
DA:88,3
DA:94,3
DA:102,3
LF:23
LH:13
BRDA:16,0,0,0
BRDA:16,0,1,0
BRDA:24,1,0,0
BRDA:24,1,1,0
BRDA:43,2,0,0
BRDA:43,2,1,8
BRDA:49,3,0,8
BRDA:49,3,1,0
BRF:8
BRH:2
end_of_record
TN:
SF:client/src/components/RelatedItemsAndComparison/Relateditems/relatedmodal.jsx
FN:11,RelatedModal
FN:15,(anonymous_1)
FN:20,(anonymous_2)
FN:22,(anonymous_3)
FN:31,(anonymous_4)
FN:35,(anonymous_5)
FN:40,(anonymous_6)
FN:68,(anonymous_7)
FN:75,(anonymous_8)
FNF:9
FNH:2
FNDA:2,RelatedModal
FNDA:1,(anonymous_1)
FNDA:0,(anonymous_2)
FNDA:0,(anonymous_3)
FNDA:0,(anonymous_4)
FNDA:0,(anonymous_5)
FNDA:0,(anonymous_6)
FNDA:0,(anonymous_7)
FNDA:0,(anonymous_8)
DA:12,2
DA:15,1
DA:16,1
DA:21,0
DA:23,0
DA:28,1
DA:29,1
DA:30,0
DA:31,0
DA:32,0
DA:34,0
DA:35,0
DA:36,0
DA:38,0
DA:40,0
DA:41,0
DA:42,0
DA:43,0
DA:44,0
DA:45,0
DA:47,0
DA:50,0
DA:53,0
DA:54,0
DA:55,0
DA:57,0
DA:60,0
DA:62,0
DA:65,1
DA:68,0
DA:76,0
DA:88,3
DA:103,3
DA:110,3
DA:120,3
DA:127,3
LF:36
LH:11
BRDA:29,0,0,0
BRDA:29,0,1,1
BRDA:43,1,0,0
BRDA:43,1,1,0
BRDA:44,2,0,0
BRDA:44,2,1,0
BRDA:53,3,0,0
BRDA:53,3,1,0
BRDA:54,4,0,0
BRDA:54,4,1,0
BRF:10
BRH:1
end_of_record
